Running Experiment: baseline_adam
Using device: cuda
Running Experiment: baseline_adam
Using device: cuda
Running Experiment: baseline_adam
Using device: cuda
Running Experiment: baseline_adam
Using device: cuda
Running Experiment: baseline_adam
Using device: cuda
Running Experiment: baseline_adam
Using device: cuda
Running Experiment: baseline_adam
Using device: cuda
Using 7 GPUs!
Model Architecture:
DataParallel(
  (module): BaselineNet(
    (conv1): Conv2d(3, 6, kernel_size=(5, 5), stride=(1, 1))
    (pool): MaxPool2d(kernel_size=2, stride=2, padding=0, dilation=1, ceil_mode=False)
    (conv2): Conv2d(6, 16, kernel_size=(5, 5), stride=(1, 1))
    (fc1): Linear(in_features=400, out_features=120, bias=True)
    (fc2): Linear(in_features=120, out_features=84, bias=True)
    (fc3): Linear(in_features=84, out_features=10, bias=True)
  )
)

Optimizer:
Adam (
Parameter Group 0
    amsgrad: False
    betas: (0.9, 0.999)
    capturable: False
    decoupled_weight_decay: False
    differentiable: False
    eps: 1e-08
    foreach: None
    fused: None
    lr: 0.001
    maximize: False
    weight_decay: 0
)
Using 7 GPUs!
Model Architecture:
DataParallel(
  (module): BaselineNet(
    (conv1): Conv2d(3, 6, kernel_size=(5, 5), stride=(1, 1))
    (pool): MaxPool2d(kernel_size=2, stride=2, padding=0, dilation=1, ceil_mode=False)
    (conv2): Conv2d(6, 16, kernel_size=(5, 5), stride=(1, 1))
    (fc1): Linear(in_features=400, out_features=120, bias=True)
    (fc2): Linear(in_features=120, out_features=84, bias=True)
    (fc3): Linear(in_features=84, out_features=10, bias=True)
  )
)

Optimizer:
Adam (
Parameter Group 0
    amsgrad: False
    betas: (0.9, 0.999)
    capturable: False
    decoupled_weight_decay: False
    differentiable: False
    eps: 1e-08
    foreach: None
    fused: None
    lr: 0.001
    maximize: False
    weight_decay: 0
)
Using 7 GPUs!
Model Architecture:
DataParallel(
  (module): BaselineNet(
    (conv1): Conv2d(3, 6, kernel_size=(5, 5), stride=(1, 1))
    (pool): MaxPool2d(kernel_size=2, stride=2, padding=0, dilation=1, ceil_mode=False)
    (conv2): Conv2d(6, 16, kernel_size=(5, 5), stride=(1, 1))
    (fc1): Linear(in_features=400, out_features=120, bias=True)
    (fc2): Linear(in_features=120, out_features=84, bias=True)
    (fc3): Linear(in_features=84, out_features=10, bias=True)
  )
)

Optimizer:
Adam (
Parameter Group 0
    amsgrad: False
    betas: (0.9, 0.999)
    capturable: False
    decoupled_weight_decay: False
    differentiable: False
    eps: 1e-08
    foreach: None
    fused: None
    lr: 0.001
    maximize: False
    weight_decay: 0
)
Using 7 GPUs!
Model Architecture:
Using 7 GPUs!
DataParallel(
  (module): BaselineNet(
    (conv1): Conv2d(3, 6, kernel_size=(5, 5), stride=(1, 1))
    (pool): MaxPool2d(kernel_size=2, stride=2, padding=0, dilation=1, ceil_mode=False)
    (conv2): Conv2d(6, 16, kernel_size=(5, 5), stride=(1, 1))
    (fc1): Linear(in_features=400, out_features=120, bias=True)
    (fc2): Linear(in_features=120, out_features=84, bias=True)
    (fc3): Linear(in_features=84, out_features=10, bias=True)
  )
)

Optimizer:
Adam (
Parameter Group 0
    amsgrad: False
    betas: (0.9, 0.999)
    capturable: False
    decoupled_weight_decay: False
    differentiable: False
    eps: 1e-08
    foreach: None
    fused: None
    lr: 0.001
    maximize: False
    weight_decay: 0
)
Model Architecture:
DataParallel(
  (module): BaselineNet(
    (conv1): Conv2d(3, 6, kernel_size=(5, 5), stride=(1, 1))
    (pool): MaxPool2d(kernel_size=2, stride=2, padding=0, dilation=1, ceil_mode=False)
    (conv2): Conv2d(6, 16, kernel_size=(5, 5), stride=(1, 1))
    (fc1): Linear(in_features=400, out_features=120, bias=True)
    (fc2): Linear(in_features=120, out_features=84, bias=True)
    (fc3): Linear(in_features=84, out_features=10, bias=True)
  )
)

Optimizer:
Adam (
Parameter Group 0
    amsgrad: False
    betas: (0.9, 0.999)
    capturable: False
    decoupled_weight_decay: False
    differentiable: False
    eps: 1e-08
    foreach: None
    fused: None
    lr: 0.001
    maximize: False
    weight_decay: 0
)
Using 7 GPUs!
Model Architecture:
DataParallel(
  (module): BaselineNet(
    (conv1): Conv2d(3, 6, kernel_size=(5, 5), stride=(1, 1))
    (pool): MaxPool2d(kernel_size=2, stride=2, padding=0, dilation=1, ceil_mode=False)
    (conv2): Conv2d(6, 16, kernel_size=(5, 5), stride=(1, 1))
    (fc1): Linear(in_features=400, out_features=120, bias=True)
    (fc2): Linear(in_features=120, out_features=84, bias=True)
    (fc3): Linear(in_features=84, out_features=10, bias=True)
  )
)

Optimizer:
Adam (
Parameter Group 0
    amsgrad: False
    betas: (0.9, 0.999)
    capturable: False
    decoupled_weight_decay: False
    differentiable: False
    eps: 1e-08
    foreach: None
    fused: None
    lr: 0.001
    maximize: False
    weight_decay: 0
)
Using 7 GPUs!
Model Architecture:
DataParallel(
  (module): BaselineNet(
    (conv1): Conv2d(3, 6, kernel_size=(5, 5), stride=(1, 1))
    (pool): MaxPool2d(kernel_size=2, stride=2, padding=0, dilation=1, ceil_mode=False)
    (conv2): Conv2d(6, 16, kernel_size=(5, 5), stride=(1, 1))
    (fc1): Linear(in_features=400, out_features=120, bias=True)
    (fc2): Linear(in_features=120, out_features=84, bias=True)
    (fc3): Linear(in_features=84, out_features=10, bias=True)
  )
)

Optimizer:
Adam (
Parameter Group 0
    amsgrad: False
    betas: (0.9, 0.999)
    capturable: False
    decoupled_weight_decay: False
    differentiable: False
    eps: 1e-08
    foreach: None
    fused: None
    lr: 0.001
    maximize: False
    weight_decay: 0
)
Train Epoch: 1 [0/50000 (0%)]	Loss: 2.315390
Train Epoch: 1 [0/50000 (0%)]	Loss: 2.309911
Train Epoch: 1 [0/50000 (0%)]	Loss: 2.307549
Train Epoch: 1 [0/50000 (0%)]	Loss: 2.300806
Train Epoch: 1 [0/50000 (0%)]	Loss: 2.304763
Train Epoch: 1 [0/50000 (0%)]	Loss: 2.310290
Train Epoch: 1 [0/50000 (0%)]	Loss: 2.301226
Train Epoch: 1 [12800/50000 (26%)]	Loss: 1.896671
Train Epoch: 1 [12800/50000 (26%)]	Loss: 1.768281
Train Epoch: 1 [12800/50000 (26%)]	Loss: 1.767509
Train Epoch: 1 [12800/50000 (26%)]	Loss: 1.735877
Train Epoch: 1 [12800/50000 (26%)]	Loss: 1.856786
Train Epoch: 1 [12800/50000 (26%)]	Loss: 1.799504
Train Epoch: 1 [12800/50000 (26%)]	Loss: 1.857561
Train Epoch: 1 [25600/50000 (51%)]	Loss: 1.626318
Train Epoch: 1 [25600/50000 (51%)]	Loss: 1.648365
Train Epoch: 1 [25600/50000 (51%)]	Loss: 1.615342
Train Epoch: 1 [25600/50000 (51%)]	Loss: 1.666757
Train Epoch: 1 [25600/50000 (51%)]	Loss: 1.538792
Train Epoch: 1 [25600/50000 (51%)]	Loss: 1.692752
Train Epoch: 1 [25600/50000 (51%)]	Loss: 1.722430
Train Epoch: 1 [38400/50000 (77%)]	Loss: 1.732724
Train Epoch: 1 [38400/50000 (77%)]	Loss: 1.527652
Train Epoch: 1 [38400/50000 (77%)]	Loss: 1.620954
Train Epoch: 1 [38400/50000 (77%)]	Loss: 1.550411
Train Epoch: 1 [38400/50000 (77%)]	Loss: 1.523802
Train Epoch: 1 [38400/50000 (77%)]	Loss: 1.473035
Train Epoch: 1 [38400/50000 (77%)]	Loss: 1.626329

Validation set: Average loss: 1.5079, Accuracy: 4466/10000 (45%)


Validation set: Average loss: 1.4907, Accuracy: 4546/10000 (45%)

Train Epoch: 2 [0/50000 (0%)]	Loss: 1.616436
Train Epoch: 2 [0/50000 (0%)]	Loss: 1.612599

Validation set: Average loss: 1.5046, Accuracy: 4474/10000 (45%)

Train Epoch: 2 [0/50000 (0%)]	Loss: 1.450851

Validation set: Average loss: 1.5349, Accuracy: 4449/10000 (44%)


Validation set: Average loss: 1.5295, Accuracy: 4502/10000 (45%)


Validation set: Average loss: 1.5032, Accuracy: 4519/10000 (45%)


Validation set: Average loss: 1.4881, Accuracy: 4643/10000 (46%)

Train Epoch: 2 [0/50000 (0%)]	Loss: 1.349991
Train Epoch: 2 [0/50000 (0%)]	Loss: 1.395855
Train Epoch: 2 [0/50000 (0%)]	Loss: 1.482682
Train Epoch: 2 [0/50000 (0%)]	Loss: 1.468409
Train Epoch: 2 [12800/50000 (26%)]	Loss: 1.567085
Train Epoch: 2 [12800/50000 (26%)]	Loss: 1.493409
Train Epoch: 2 [12800/50000 (26%)]	Loss: 1.473718
Train Epoch: 2 [12800/50000 (26%)]	Loss: 1.397009
Train Epoch: 2 [12800/50000 (26%)]	Loss: 1.455398
Train Epoch: 2 [12800/50000 (26%)]	Loss: 1.474290
Train Epoch: 2 [12800/50000 (26%)]	Loss: 1.518562
Train Epoch: 2 [25600/50000 (51%)]	Loss: 1.472578
Train Epoch: 2 [25600/50000 (51%)]	Loss: 1.374450
Train Epoch: 2 [25600/50000 (51%)]	Loss: 1.372560
Train Epoch: 2 [25600/50000 (51%)]	Loss: 1.570177
Train Epoch: 2 [25600/50000 (51%)]	Loss: 1.375320
Train Epoch: 2 [25600/50000 (51%)]	Loss: 1.378103
Train Epoch: 2 [25600/50000 (51%)]	Loss: 1.315676
Train Epoch: 2 [38400/50000 (77%)]	Loss: 1.410678
Train Epoch: 2 [38400/50000 (77%)]	Loss: 1.424412
Train Epoch: 2 [38400/50000 (77%)]	Loss: 1.431851
Train Epoch: 2 [38400/50000 (77%)]	Loss: 1.328620
Train Epoch: 2 [38400/50000 (77%)]	Loss: 1.355613
Train Epoch: 2 [38400/50000 (77%)]	Loss: 1.479382
Train Epoch: 2 [38400/50000 (77%)]	Loss: 1.451127

Validation set: Average loss: 1.3573, Accuracy: 5031/10000 (50%)


Validation set: Average loss: 1.3766, Accuracy: 4994/10000 (50%)

Train Epoch: 3 [0/50000 (0%)]	Loss: 1.278452
Train Epoch: 3 [0/50000 (0%)]	Loss: 1.444902

Validation set: Average loss: 1.3894, Accuracy: 4975/10000 (50%)


Validation set: Average loss: 1.3567, Accuracy: 5106/10000 (51%)


Validation set: Average loss: 1.3466, Accuracy: 5168/10000 (52%)


Validation set: Average loss: 1.3498, Accuracy: 5110/10000 (51%)

Train Epoch: 3 [0/50000 (0%)]	Loss: 1.289042

Validation set: Average loss: 1.3714, Accuracy: 5049/10000 (50%)

Train Epoch: 3 [0/50000 (0%)]	Loss: 1.586165
Train Epoch: 3 [0/50000 (0%)]	Loss: 1.174260
Train Epoch: 3 [0/50000 (0%)]	Loss: 1.405450
Train Epoch: 3 [0/50000 (0%)]	Loss: 1.215225
Train Epoch: 3 [12800/50000 (26%)]	Loss: 1.337574
Train Epoch: 3 [12800/50000 (26%)]	Loss: 1.293932
Train Epoch: 3 [12800/50000 (26%)]	Loss: 1.131435
Train Epoch: 3 [12800/50000 (26%)]	Loss: 1.393153
Train Epoch: 3 [12800/50000 (26%)]	Loss: 1.402208
Train Epoch: 3 [12800/50000 (26%)]	Loss: 1.320895
Train Epoch: 3 [12800/50000 (26%)]	Loss: 1.228844
Train Epoch: 3 [25600/50000 (51%)]	Loss: 1.198808
Train Epoch: 3 [25600/50000 (51%)]	Loss: 1.205681
Train Epoch: 3 [25600/50000 (51%)]	Loss: 1.211785
Train Epoch: 3 [25600/50000 (51%)]	Loss: 1.374583
Train Epoch: 3 [25600/50000 (51%)]	Loss: 1.372734
Train Epoch: 3 [25600/50000 (51%)]	Loss: 1.180566
Train Epoch: 3 [25600/50000 (51%)]	Loss: 1.509096
Train Epoch: 3 [38400/50000 (77%)]	Loss: 1.234665
Train Epoch: 3 [38400/50000 (77%)]	Loss: 1.277341
Train Epoch: 3 [38400/50000 (77%)]	Loss: 1.386268
Train Epoch: 3 [38400/50000 (77%)]	Loss: 1.204437
Train Epoch: 3 [38400/50000 (77%)]	Loss: 1.255581
Train Epoch: 3 [38400/50000 (77%)]	Loss: 1.138470
Train Epoch: 3 [38400/50000 (77%)]	Loss: 1.301137

Validation set: Average loss: 1.2786, Accuracy: 5420/10000 (54%)

Train Epoch: 4 [0/50000 (0%)]	Loss: 1.267355

Validation set: Average loss: 1.2422, Accuracy: 5531/10000 (55%)

Train Epoch: 4 [0/50000 (0%)]	Loss: 1.243227

Validation set: Average loss: 1.2775, Accuracy: 5441/10000 (54%)


Validation set: Average loss: 1.2575, Accuracy: 5488/10000 (55%)

Train Epoch: 4 [0/50000 (0%)]	Loss: 1.356538
Train Epoch: 4 [0/50000 (0%)]	Loss: 1.313759

Validation set: Average loss: 1.2736, Accuracy: 5439/10000 (54%)


Validation set: Average loss: 1.3086, Accuracy: 5316/10000 (53%)


Validation set: Average loss: 1.2712, Accuracy: 5429/10000 (54%)

Train Epoch: 4 [0/50000 (0%)]	Loss: 1.204235
Train Epoch: 4 [0/50000 (0%)]	Loss: 1.268353
Train Epoch: 4 [0/50000 (0%)]	Loss: 1.090338
Train Epoch: 4 [12800/50000 (26%)]	Loss: 1.235204
Train Epoch: 4 [12800/50000 (26%)]	Loss: 1.262468
Train Epoch: 4 [12800/50000 (26%)]	Loss: 1.313981
Train Epoch: 4 [12800/50000 (26%)]	Loss: 1.116669
Train Epoch: 4 [12800/50000 (26%)]	Loss: 1.357211
Train Epoch: 4 [12800/50000 (26%)]	Loss: 1.232855
Train Epoch: 4 [12800/50000 (26%)]	Loss: 1.236597
Train Epoch: 4 [25600/50000 (51%)]	Loss: 1.454447
Train Epoch: 4 [25600/50000 (51%)]	Loss: 1.295593
Train Epoch: 4 [25600/50000 (51%)]	Loss: 1.342396
Train Epoch: 4 [25600/50000 (51%)]	Loss: 1.234142
Train Epoch: 4 [25600/50000 (51%)]	Loss: 1.239161
Train Epoch: 4 [25600/50000 (51%)]	Loss: 1.082394
Train Epoch: 4 [25600/50000 (51%)]	Loss: 1.252677
Train Epoch: 4 [38400/50000 (77%)]	Loss: 1.285791
Train Epoch: 4 [38400/50000 (77%)]	Loss: 1.303471
Train Epoch: 4 [38400/50000 (77%)]	Loss: 1.186537
Train Epoch: 4 [38400/50000 (77%)]	Loss: 1.190663
Train Epoch: 4 [38400/50000 (77%)]	Loss: 1.284298
Train Epoch: 4 [38400/50000 (77%)]	Loss: 1.259475
Train Epoch: 4 [38400/50000 (77%)]	Loss: 1.038059

Validation set: Average loss: 1.2237, Accuracy: 5673/10000 (57%)

Train Epoch: 5 [0/50000 (0%)]	Loss: 1.356039

Validation set: Average loss: 1.2209, Accuracy: 5657/10000 (57%)


Validation set: Average loss: 1.2166, Accuracy: 5713/10000 (57%)


Validation set: Average loss: 1.2365, Accuracy: 5614/10000 (56%)

Train Epoch: 5 [0/50000 (0%)]	Loss: 1.291297
Train Epoch: 5 [0/50000 (0%)]	Loss: 1.185615

Validation set: Average loss: 1.1963, Accuracy: 5770/10000 (58%)

Train Epoch: 5 [0/50000 (0%)]	Loss: 1.113867
Train Epoch: 5 [0/50000 (0%)]	Loss: 1.058535

Validation set: Average loss: 1.2284, Accuracy: 5648/10000 (56%)


Validation set: Average loss: 1.2334, Accuracy: 5588/10000 (56%)

Train Epoch: 5 [0/50000 (0%)]	Loss: 1.239010
Train Epoch: 5 [0/50000 (0%)]	Loss: 1.226110
Train Epoch: 5 [12800/50000 (26%)]	Loss: 1.019678
Train Epoch: 5 [12800/50000 (26%)]	Loss: 1.064989
Train Epoch: 5 [12800/50000 (26%)]	Loss: 1.178698
Train Epoch: 5 [12800/50000 (26%)]	Loss: 1.058452
Train Epoch: 5 [12800/50000 (26%)]	Loss: 1.225778
Train Epoch: 5 [12800/50000 (26%)]	Loss: 1.167116
Train Epoch: 5 [12800/50000 (26%)]	Loss: 1.287870
Train Epoch: 5 [25600/50000 (51%)]	Loss: 1.053333
Train Epoch: 5 [25600/50000 (51%)]	Loss: 1.073760
Train Epoch: 5 [25600/50000 (51%)]	Loss: 1.171915
Train Epoch: 5 [25600/50000 (51%)]	Loss: 1.087293
Train Epoch: 5 [25600/50000 (51%)]	Loss: 1.094048
Train Epoch: 5 [25600/50000 (51%)]	Loss: 1.203100
Train Epoch: 5 [25600/50000 (51%)]	Loss: 1.293410
Train Epoch: 5 [38400/50000 (77%)]	Loss: 1.034363
Train Epoch: 5 [38400/50000 (77%)]	Loss: 1.152453
Train Epoch: 5 [38400/50000 (77%)]	Loss: 1.222257
Train Epoch: 5 [38400/50000 (77%)]	Loss: 1.068905
Train Epoch: 5 [38400/50000 (77%)]	Loss: 1.158065
Train Epoch: 5 [38400/50000 (77%)]	Loss: 1.066197
Train Epoch: 5 [38400/50000 (77%)]	Loss: 1.270950

Validation set: Average loss: 1.1615, Accuracy: 5903/10000 (59%)

Train Epoch: 6 [0/50000 (0%)]	Loss: 1.131415

Validation set: Average loss: 1.1515, Accuracy: 5974/10000 (60%)


Validation set: Average loss: 1.1597, Accuracy: 5906/10000 (59%)

Train Epoch: 6 [0/50000 (0%)]	Loss: 1.236062
Train Epoch: 6 [0/50000 (0%)]	Loss: 1.127829

Validation set: Average loss: 1.1755, Accuracy: 5846/10000 (58%)

Train Epoch: 6 [0/50000 (0%)]	Loss: 1.007042

Validation set: Average loss: 1.1531, Accuracy: 5872/10000 (59%)


Validation set: Average loss: 1.1962, Accuracy: 5708/10000 (57%)

Train Epoch: 6 [0/50000 (0%)]	Loss: 1.173997

Validation set: Average loss: 1.1932, Accuracy: 5795/10000 (58%)

Train Epoch: 6 [0/50000 (0%)]	Loss: 1.242480
Train Epoch: 6 [0/50000 (0%)]	Loss: 1.205982
Train Epoch: 6 [12800/50000 (26%)]	Loss: 1.104154
Train Epoch: 6 [12800/50000 (26%)]	Loss: 1.200285
Train Epoch: 6 [12800/50000 (26%)]	Loss: 1.226281
Train Epoch: 6 [12800/50000 (26%)]	Loss: 1.066031
Train Epoch: 6 [12800/50000 (26%)]	Loss: 1.092044
Train Epoch: 6 [12800/50000 (26%)]	Loss: 1.028619
Train Epoch: 6 [12800/50000 (26%)]	Loss: 1.156909
Train Epoch: 6 [25600/50000 (51%)]	Loss: 1.116478
Train Epoch: 6 [25600/50000 (51%)]	Loss: 1.221627
Train Epoch: 6 [25600/50000 (51%)]	Loss: 1.356564
Train Epoch: 6 [25600/50000 (51%)]	Loss: 1.022347
Train Epoch: 6 [25600/50000 (51%)]	Loss: 1.302621
Train Epoch: 6 [25600/50000 (51%)]	Loss: 1.126869
Train Epoch: 6 [25600/50000 (51%)]	Loss: 1.305657
Train Epoch: 6 [38400/50000 (77%)]	Loss: 0.943806
Train Epoch: 6 [38400/50000 (77%)]	Loss: 1.120842
Train Epoch: 6 [38400/50000 (77%)]	Loss: 1.194337
Train Epoch: 6 [38400/50000 (77%)]	Loss: 1.067164
Train Epoch: 6 [38400/50000 (77%)]	Loss: 1.105431
Train Epoch: 6 [38400/50000 (77%)]	Loss: 0.966715
Train Epoch: 6 [38400/50000 (77%)]	Loss: 1.284790

Validation set: Average loss: 1.1754, Accuracy: 5820/10000 (58%)


Validation set: Average loss: 1.1337, Accuracy: 5983/10000 (60%)


Validation set: Average loss: 1.1235, Accuracy: 6053/10000 (61%)

Train Epoch: 7 [0/50000 (0%)]	Loss: 1.102314
Train Epoch: 7 [0/50000 (0%)]	Loss: 0.966738
Train Epoch: 7 [0/50000 (0%)]	Loss: 1.165451

Validation set: Average loss: 1.1508, Accuracy: 5969/10000 (60%)

Train Epoch: 7 [0/50000 (0%)]	Loss: 1.109914

Validation set: Average loss: 1.1418, Accuracy: 5857/10000 (59%)


Validation set: Average loss: 1.1768, Accuracy: 5796/10000 (58%)

Train Epoch: 7 [0/50000 (0%)]	Loss: 1.028080
Train Epoch: 7 [0/50000 (0%)]	Loss: 1.045511

Validation set: Average loss: 1.1488, Accuracy: 5965/10000 (60%)

Train Epoch: 7 [0/50000 (0%)]	Loss: 0.916470
Train Epoch: 7 [12800/50000 (26%)]	Loss: 1.069877
Train Epoch: 7 [12800/50000 (26%)]	Loss: 1.027031
Train Epoch: 7 [12800/50000 (26%)]	Loss: 0.821353
Train Epoch: 7 [12800/50000 (26%)]	Loss: 1.120055
Train Epoch: 7 [12800/50000 (26%)]	Loss: 1.050670
Train Epoch: 7 [12800/50000 (26%)]	Loss: 1.116099
Train Epoch: 7 [12800/50000 (26%)]	Loss: 1.250892
Train Epoch: 7 [25600/50000 (51%)]	Loss: 0.953712
Train Epoch: 7 [25600/50000 (51%)]	Loss: 1.237374
Train Epoch: 7 [25600/50000 (51%)]	Loss: 1.164284
Train Epoch: 7 [25600/50000 (51%)]	Loss: 0.957154
Train Epoch: 7 [25600/50000 (51%)]	Loss: 1.163471
Train Epoch: 7 [25600/50000 (51%)]	Loss: 1.241104
Train Epoch: 7 [25600/50000 (51%)]	Loss: 0.934830
Train Epoch: 7 [38400/50000 (77%)]	Loss: 0.971670
Train Epoch: 7 [38400/50000 (77%)]	Loss: 1.006177
Train Epoch: 7 [38400/50000 (77%)]	Loss: 1.155779
Train Epoch: 7 [38400/50000 (77%)]	Loss: 1.062875
Train Epoch: 7 [38400/50000 (77%)]	Loss: 1.117918
Train Epoch: 7 [38400/50000 (77%)]	Loss: 1.080458
Train Epoch: 7 [38400/50000 (77%)]	Loss: 1.116617

Validation set: Average loss: 1.1447, Accuracy: 6004/10000 (60%)


Validation set: Average loss: 1.1179, Accuracy: 6064/10000 (61%)


Validation set: Average loss: 1.1317, Accuracy: 5998/10000 (60%)

Train Epoch: 8 [0/50000 (0%)]	Loss: 1.049975
Train Epoch: 8 [0/50000 (0%)]	Loss: 1.003205
Train Epoch: 8 [0/50000 (0%)]	Loss: 1.031215

Validation set: Average loss: 1.1225, Accuracy: 6047/10000 (60%)

Train Epoch: 8 [0/50000 (0%)]	Loss: 0.936211

Validation set: Average loss: 1.1489, Accuracy: 5941/10000 (59%)


Validation set: Average loss: 1.1336, Accuracy: 5959/10000 (60%)

Train Epoch: 8 [0/50000 (0%)]	Loss: 0.967743

Validation set: Average loss: 1.1194, Accuracy: 6029/10000 (60%)

Train Epoch: 8 [0/50000 (0%)]	Loss: 1.060090
Train Epoch: 8 [0/50000 (0%)]	Loss: 1.007209
Train Epoch: 8 [12800/50000 (26%)]	Loss: 1.387060
Train Epoch: 8 [12800/50000 (26%)]	Loss: 0.911754
Train Epoch: 8 [12800/50000 (26%)]	Loss: 1.206459
Train Epoch: 8 [12800/50000 (26%)]	Loss: 0.927165
Train Epoch: 8 [12800/50000 (26%)]	Loss: 1.044630
Train Epoch: 8 [12800/50000 (26%)]	Loss: 0.961730
Train Epoch: 8 [12800/50000 (26%)]	Loss: 1.070882
Train Epoch: 8 [25600/50000 (51%)]	Loss: 1.109033
Train Epoch: 8 [25600/50000 (51%)]	Loss: 1.014241
Train Epoch: 8 [25600/50000 (51%)]	Loss: 0.953515
Train Epoch: 8 [25600/50000 (51%)]	Loss: 1.055237
Train Epoch: 8 [25600/50000 (51%)]	Loss: 0.933876
Train Epoch: 8 [25600/50000 (51%)]	Loss: 0.968631
Train Epoch: 8 [25600/50000 (51%)]	Loss: 1.076180
Train Epoch: 8 [38400/50000 (77%)]	Loss: 1.120289
Train Epoch: 8 [38400/50000 (77%)]	Loss: 0.902560
Train Epoch: 8 [38400/50000 (77%)]	Loss: 1.154735
Train Epoch: 8 [38400/50000 (77%)]	Loss: 1.079306
Train Epoch: 8 [38400/50000 (77%)]	Loss: 1.058061
Train Epoch: 8 [38400/50000 (77%)]	Loss: 0.978930
Train Epoch: 8 [38400/50000 (77%)]	Loss: 0.996713

Validation set: Average loss: 1.0998, Accuracy: 6159/10000 (62%)

Train Epoch: 9 [0/50000 (0%)]	Loss: 0.996907

Validation set: Average loss: 1.0950, Accuracy: 6151/10000 (62%)


Validation set: Average loss: 1.0885, Accuracy: 6110/10000 (61%)


Validation set: Average loss: 1.0918, Accuracy: 6197/10000 (62%)

Train Epoch: 9 [0/50000 (0%)]	Loss: 1.173589
Train Epoch: 9 [0/50000 (0%)]	Loss: 0.968339
Train Epoch: 9 [0/50000 (0%)]	Loss: 0.846441

Validation set: Average loss: 1.1066, Accuracy: 6102/10000 (61%)

Train Epoch: 9 [0/50000 (0%)]	Loss: 0.887834

Validation set: Average loss: 1.1112, Accuracy: 6046/10000 (60%)


Validation set: Average loss: 1.1047, Accuracy: 6117/10000 (61%)

Train Epoch: 9 [0/50000 (0%)]	Loss: 0.906321
Train Epoch: 9 [0/50000 (0%)]	Loss: 0.794551
Train Epoch: 9 [12800/50000 (26%)]	Loss: 0.951082
Train Epoch: 9 [12800/50000 (26%)]	Loss: 1.042051
Train Epoch: 9 [12800/50000 (26%)]	Loss: 0.834909
Train Epoch: 9 [12800/50000 (26%)]	Loss: 1.022928
Train Epoch: 9 [12800/50000 (26%)]	Loss: 0.970262
Train Epoch: 9 [12800/50000 (26%)]	Loss: 1.100387
Train Epoch: 9 [12800/50000 (26%)]	Loss: 0.877546
Train Epoch: 9 [25600/50000 (51%)]	Loss: 0.816111
Train Epoch: 9 [25600/50000 (51%)]	Loss: 0.776980
Train Epoch: 9 [25600/50000 (51%)]	Loss: 0.965104
Train Epoch: 9 [25600/50000 (51%)]	Loss: 1.088395
Train Epoch: 9 [25600/50000 (51%)]	Loss: 1.013007
Train Epoch: 9 [25600/50000 (51%)]	Loss: 1.137170
Train Epoch: 9 [25600/50000 (51%)]	Loss: 0.945461
Train Epoch: 9 [38400/50000 (77%)]	Loss: 1.134369
Train Epoch: 9 [38400/50000 (77%)]	Loss: 1.013394
Train Epoch: 9 [38400/50000 (77%)]	Loss: 0.987957
Train Epoch: 9 [38400/50000 (77%)]	Loss: 0.846142
Train Epoch: 9 [38400/50000 (77%)]	Loss: 0.827794
Train Epoch: 9 [38400/50000 (77%)]	Loss: 1.012433
Train Epoch: 9 [38400/50000 (77%)]	Loss: 1.035626

Validation set: Average loss: 1.0736, Accuracy: 6295/10000 (63%)

Train Epoch: 10 [0/50000 (0%)]	Loss: 0.917995

Validation set: Average loss: 1.0703, Accuracy: 6203/10000 (62%)


Validation set: Average loss: 1.0658, Accuracy: 6280/10000 (63%)


Validation set: Average loss: 1.0999, Accuracy: 6210/10000 (62%)

Train Epoch: 10 [0/50000 (0%)]	Loss: 1.013621
Train Epoch: 10 [0/50000 (0%)]	Loss: 0.995209
Train Epoch: 10 [0/50000 (0%)]	Loss: 1.022494

Validation set: Average loss: 1.0841, Accuracy: 6178/10000 (62%)

Train Epoch: 10 [0/50000 (0%)]	Loss: 0.854604

Validation set: Average loss: 1.1059, Accuracy: 6122/10000 (61%)


Validation set: Average loss: 1.0675, Accuracy: 6183/10000 (62%)

Train Epoch: 10 [0/50000 (0%)]	Loss: 1.002877
Train Epoch: 10 [0/50000 (0%)]	Loss: 0.970043
Train Epoch: 10 [12800/50000 (26%)]	Loss: 1.027017
Train Epoch: 10 [12800/50000 (26%)]	Loss: 1.002434
Train Epoch: 10 [12800/50000 (26%)]	Loss: 0.939271
Train Epoch: 10 [12800/50000 (26%)]	Loss: 0.754541
Train Epoch: 10 [12800/50000 (26%)]	Loss: 0.876762
Train Epoch: 10 [12800/50000 (26%)]	Loss: 0.918843
Train Epoch: 10 [12800/50000 (26%)]	Loss: 1.139583
Train Epoch: 10 [25600/50000 (51%)]	Loss: 0.937261
Train Epoch: 10 [25600/50000 (51%)]	Loss: 1.008574
Train Epoch: 10 [25600/50000 (51%)]	Loss: 0.964878
Train Epoch: 10 [25600/50000 (51%)]	Loss: 1.070763
Train Epoch: 10 [25600/50000 (51%)]	Loss: 0.866418
Train Epoch: 10 [25600/50000 (51%)]	Loss: 0.959046
Train Epoch: 10 [25600/50000 (51%)]	Loss: 0.883720
Train Epoch: 10 [38400/50000 (77%)]	Loss: 1.071064
Train Epoch: 10 [38400/50000 (77%)]	Loss: 1.203764
Train Epoch: 10 [38400/50000 (77%)]	Loss: 0.897260
Train Epoch: 10 [38400/50000 (77%)]	Loss: 1.061710
Train Epoch: 10 [38400/50000 (77%)]	Loss: 0.883236
Train Epoch: 10 [38400/50000 (77%)]	Loss: 0.877591
Train Epoch: 10 [38400/50000 (77%)]	Loss: 1.014430

Validation set: Average loss: 1.0624, Accuracy: 6274/10000 (63%)

性能图表已保存至: fig/cnn/baseline_adam/performance_baseline_adam.png
Model saved to out/cnn/baseline_adam/model.pth

Validation set: Average loss: 1.0570, Accuracy: 6299/10000 (63%)


Validation set: Average loss: 1.0655, Accuracy: 6263/10000 (63%)


Validation set: Average loss: 1.0763, Accuracy: 6277/10000 (63%)

性能图表已保存至: fig/cnn/baseline_adam/performance_baseline_adam.png
Model saved to out/cnn/baseline_adam/model.pth
性能图表已保存至: fig/cnn/baseline_adam/performance_baseline_adam.png
Model saved to out/cnn/baseline_adam/model.pth
性能图表已保存至: fig/cnn/baseline_adam/performance_baseline_adam.png
Model saved to out/cnn/baseline_adam/model.pth

Validation set: Average loss: 1.0738, Accuracy: 6197/10000 (62%)

性能图表已保存至: fig/cnn/baseline_adam/performance_baseline_adam.png
Model saved to out/cnn/baseline_adam/model.pth

Validation set: Average loss: 1.0764, Accuracy: 6222/10000 (62%)


Validation set: Average loss: 1.0582, Accuracy: 6239/10000 (62%)

性能图表已保存至: fig/cnn/baseline_adam/performance_baseline_adam.png
Model saved to out/cnn/baseline_adam/model.pth
性能图表已保存至: fig/cnn/baseline_adam/performance_baseline_adam.png
Model saved to out/cnn/baseline_adam/model.pth
