Running Experiment: baseline_sgd_high_lr
Using device: cuda
Running Experiment: baseline_sgd_high_lr
Using device: cuda
Running Experiment: baseline_sgd_high_lr
Using device: cuda
Running Experiment: baseline_sgd_high_lr
Using device: cuda
Running Experiment: baseline_sgd_high_lr
Using device: cuda
Running Experiment: baseline_sgd_high_lr
Using device: cuda
Running Experiment: baseline_sgd_high_lr
Using device: cuda
Using 7 GPUs!
Model Architecture:
DataParallel(
  (module): BaselineNet(
    (conv1): Conv2d(3, 6, kernel_size=(5, 5), stride=(1, 1))
    (pool): MaxPool2d(kernel_size=2, stride=2, padding=0, dilation=1, ceil_mode=False)
    (conv2): Conv2d(6, 16, kernel_size=(5, 5), stride=(1, 1))
    (fc1): Linear(in_features=400, out_features=120, bias=True)
    (fc2): Linear(in_features=120, out_features=84, bias=True)
    (fc3): Linear(in_features=84, out_features=10, bias=True)
  )
)

Optimizer:
SGD (
Parameter Group 0
    dampening: 0
    differentiable: False
    foreach: None
    fused: None
    lr: 0.01
    maximize: False
    momentum: 0.9
    nesterov: False
    weight_decay: 0
)
Using 7 GPUs!
Model Architecture:
DataParallel(
  (module): BaselineNet(
    (conv1): Conv2d(3, 6, kernel_size=(5, 5), stride=(1, 1))
    (pool): MaxPool2d(kernel_size=2, stride=2, padding=0, dilation=1, ceil_mode=False)
    (conv2): Conv2d(6, 16, kernel_size=(5, 5), stride=(1, 1))
    (fc1): Linear(in_features=400, out_features=120, bias=True)
    (fc2): Linear(in_features=120, out_features=84, bias=True)
    (fc3): Linear(in_features=84, out_features=10, bias=True)
  )
)

Optimizer:
SGD (
Parameter Group 0
    dampening: 0
    differentiable: False
    foreach: None
    fused: None
    lr: 0.01
    maximize: False
    momentum: 0.9
    nesterov: False
    weight_decay: 0
)
Using 7 GPUs!
Model Architecture:
DataParallel(
  (module): BaselineNet(
    (conv1): Conv2d(3, 6, kernel_size=(5, 5), stride=(1, 1))
    (pool): MaxPool2d(kernel_size=2, stride=2, padding=0, dilation=1, ceil_mode=False)
    (conv2): Conv2d(6, 16, kernel_size=(5, 5), stride=(1, 1))
    (fc1): Linear(in_features=400, out_features=120, bias=True)
    (fc2): Linear(in_features=120, out_features=84, bias=True)
    (fc3): Linear(in_features=84, out_features=10, bias=True)
  )
)

Optimizer:
SGD (
Parameter Group 0
    dampening: 0
    differentiable: False
    foreach: None
    fused: None
    lr: 0.01
    maximize: False
    momentum: 0.9
    nesterov: False
    weight_decay: 0
)
Using 7 GPUs!
Model Architecture:
DataParallel(
  (module): BaselineNet(
    (conv1): Conv2d(3, 6, kernel_size=(5, 5), stride=(1, 1))
    (pool): MaxPool2d(kernel_size=2, stride=2, padding=0, dilation=1, ceil_mode=False)
    (conv2): Conv2d(6, 16, kernel_size=(5, 5), stride=(1, 1))
    (fc1): Linear(in_features=400, out_features=120, bias=True)
    (fc2): Linear(in_features=120, out_features=84, bias=True)
    (fc3): Linear(in_features=84, out_features=10, bias=True)
  )
)

Optimizer:
SGD (
Parameter Group 0
    dampening: 0
    differentiable: False
    foreach: None
    fused: None
    lr: 0.01
    maximize: False
    momentum: 0.9
    nesterov: False
    weight_decay: 0
)
Using 7 GPUs!
Model Architecture:
DataParallel(
  (module): BaselineNet(
    (conv1): Conv2d(3, 6, kernel_size=(5, 5), stride=(1, 1))
    (pool): MaxPool2d(kernel_size=2, stride=2, padding=0, dilation=1, ceil_mode=False)
    (conv2): Conv2d(6, 16, kernel_size=(5, 5), stride=(1, 1))
    (fc1): Linear(in_features=400, out_features=120, bias=True)
    (fc2): Linear(in_features=120, out_features=84, bias=True)
    (fc3): Linear(in_features=84, out_features=10, bias=True)
  )
)

Optimizer:
SGD (
Parameter Group 0
    dampening: 0
    differentiable: False
    foreach: None
    fused: None
    lr: 0.01
    maximize: False
    momentum: 0.9
    nesterov: False
    weight_decay: 0
)
Using 7 GPUs!
Model Architecture:
DataParallel(
  (module): BaselineNet(
    (conv1): Conv2d(3, 6, kernel_size=(5, 5), stride=(1, 1))
    (pool): MaxPool2d(kernel_size=2, stride=2, padding=0, dilation=1, ceil_mode=False)
    (conv2): Conv2d(6, 16, kernel_size=(5, 5), stride=(1, 1))
    (fc1): Linear(in_features=400, out_features=120, bias=True)
    (fc2): Linear(in_features=120, out_features=84, bias=True)
    (fc3): Linear(in_features=84, out_features=10, bias=True)
  )
)

Optimizer:
SGD (
Parameter Group 0
    dampening: 0
    differentiable: False
    foreach: None
    fused: None
    lr: 0.01
    maximize: False
    momentum: 0.9
    nesterov: False
    weight_decay: 0
)
Using 7 GPUs!
Model Architecture:
DataParallel(
  (module): BaselineNet(
    (conv1): Conv2d(3, 6, kernel_size=(5, 5), stride=(1, 1))
    (pool): MaxPool2d(kernel_size=2, stride=2, padding=0, dilation=1, ceil_mode=False)
    (conv2): Conv2d(6, 16, kernel_size=(5, 5), stride=(1, 1))
    (fc1): Linear(in_features=400, out_features=120, bias=True)
    (fc2): Linear(in_features=120, out_features=84, bias=True)
    (fc3): Linear(in_features=84, out_features=10, bias=True)
  )
)

Optimizer:
SGD (
Parameter Group 0
    dampening: 0
    differentiable: False
    foreach: None
    fused: None
    lr: 0.01
    maximize: False
    momentum: 0.9
    nesterov: False
    weight_decay: 0
)
Train Epoch: 1 [0/50000 (0%)]	Loss: 2.310061
Train Epoch: 1 [0/50000 (0%)]	Loss: 2.302246
Train Epoch: 1 [0/50000 (0%)]	Loss: 2.313392
Train Epoch: 1 [0/50000 (0%)]	Loss: 2.306763
Train Epoch: 1 [0/50000 (0%)]	Loss: 2.314276
Train Epoch: 1 [0/50000 (0%)]	Loss: 2.302369
Train Epoch: 1 [0/50000 (0%)]	Loss: 2.307292
Train Epoch: 1 [12800/50000 (26%)]	Loss: 2.291361
Train Epoch: 1 [12800/50000 (26%)]	Loss: 2.292627
Train Epoch: 1 [12800/50000 (26%)]	Loss: 2.301802
Train Epoch: 1 [12800/50000 (26%)]	Loss: 2.300444
Train Epoch: 1 [12800/50000 (26%)]	Loss: 2.290410
Train Epoch: 1 [12800/50000 (26%)]	Loss: 2.281328
Train Epoch: 1 [12800/50000 (26%)]	Loss: 2.298979
Train Epoch: 1 [25600/50000 (51%)]	Loss: 2.116229
Train Epoch: 1 [25600/50000 (51%)]	Loss: 2.157130
Train Epoch: 1 [25600/50000 (51%)]	Loss: 2.087850
Train Epoch: 1 [25600/50000 (51%)]	Loss: 2.091434
Train Epoch: 1 [25600/50000 (51%)]	Loss: 2.153621
Train Epoch: 1 [25600/50000 (51%)]	Loss: 2.128398
Train Epoch: 1 [25600/50000 (51%)]	Loss: 2.039639
Train Epoch: 1 [38400/50000 (77%)]	Loss: 1.799230
Train Epoch: 1 [38400/50000 (77%)]	Loss: 1.815425
Train Epoch: 1 [38400/50000 (77%)]	Loss: 1.925793
Train Epoch: 1 [38400/50000 (77%)]	Loss: 1.948307
Train Epoch: 1 [38400/50000 (77%)]	Loss: 1.822946
Train Epoch: 1 [38400/50000 (77%)]	Loss: 1.825218
Train Epoch: 1 [38400/50000 (77%)]	Loss: 1.752961

Validation set: Average loss: 1.6317, Accuracy: 4049/10000 (40%)

Train Epoch: 2 [0/50000 (0%)]	Loss: 1.758538

Validation set: Average loss: 1.6814, Accuracy: 3778/10000 (38%)

Train Epoch: 2 [0/50000 (0%)]	Loss: 1.588920

Validation set: Average loss: 1.7210, Accuracy: 3757/10000 (38%)

Train Epoch: 2 [0/50000 (0%)]	Loss: 1.726061

Validation set: Average loss: 1.7134, Accuracy: 3700/10000 (37%)


Validation set: Average loss: 1.6602, Accuracy: 3914/10000 (39%)


Validation set: Average loss: 1.6777, Accuracy: 3935/10000 (39%)


Validation set: Average loss: 1.6937, Accuracy: 3829/10000 (38%)

Train Epoch: 2 [0/50000 (0%)]	Loss: 1.708636
Train Epoch: 2 [0/50000 (0%)]	Loss: 1.639363
Train Epoch: 2 [0/50000 (0%)]	Loss: 1.802382
Train Epoch: 2 [0/50000 (0%)]	Loss: 1.568407
Train Epoch: 2 [12800/50000 (26%)]	Loss: 1.620290
Train Epoch: 2 [12800/50000 (26%)]	Loss: 1.592449
Train Epoch: 2 [12800/50000 (26%)]	Loss: 1.431029
Train Epoch: 2 [12800/50000 (26%)]	Loss: 1.491314
Train Epoch: 2 [12800/50000 (26%)]	Loss: 1.526637
Train Epoch: 2 [12800/50000 (26%)]	Loss: 1.538503
Train Epoch: 2 [12800/50000 (26%)]	Loss: 1.593850
Train Epoch: 2 [25600/50000 (51%)]	Loss: 1.512925
Train Epoch: 2 [25600/50000 (51%)]	Loss: 1.356349
Train Epoch: 2 [25600/50000 (51%)]	Loss: 1.441327
Train Epoch: 2 [25600/50000 (51%)]	Loss: 1.479507
Train Epoch: 2 [25600/50000 (51%)]	Loss: 1.493931
Train Epoch: 2 [25600/50000 (51%)]	Loss: 1.528553
Train Epoch: 2 [25600/50000 (51%)]	Loss: 1.514430
Train Epoch: 2 [38400/50000 (77%)]	Loss: 1.343062
Train Epoch: 2 [38400/50000 (77%)]	Loss: 1.492061
Train Epoch: 2 [38400/50000 (77%)]	Loss: 1.401467
Train Epoch: 2 [38400/50000 (77%)]	Loss: 1.558751
Train Epoch: 2 [38400/50000 (77%)]	Loss: 1.404726
Train Epoch: 2 [38400/50000 (77%)]	Loss: 1.546209
Train Epoch: 2 [38400/50000 (77%)]	Loss: 1.531001

Validation set: Average loss: 1.4166, Accuracy: 4863/10000 (49%)

Train Epoch: 3 [0/50000 (0%)]	Loss: 1.369048

Validation set: Average loss: 1.4541, Accuracy: 4679/10000 (47%)

Train Epoch: 3 [0/50000 (0%)]	Loss: 1.621685

Validation set: Average loss: 1.4131, Accuracy: 4874/10000 (49%)


Validation set: Average loss: 1.4320, Accuracy: 4763/10000 (48%)

Train Epoch: 3 [0/50000 (0%)]	Loss: 1.313135

Validation set: Average loss: 1.4132, Accuracy: 4939/10000 (49%)

Train Epoch: 3 [0/50000 (0%)]	Loss: 1.467738

Validation set: Average loss: 1.4647, Accuracy: 4646/10000 (46%)

Train Epoch: 3 [0/50000 (0%)]	Loss: 1.427271

Validation set: Average loss: 1.4610, Accuracy: 4672/10000 (47%)

Train Epoch: 3 [0/50000 (0%)]	Loss: 1.493398
Train Epoch: 3 [12800/50000 (26%)]	Loss: 1.237241
Train Epoch: 3 [0/50000 (0%)]	Loss: 1.378656
Train Epoch: 3 [12800/50000 (26%)]	Loss: 1.535454
Train Epoch: 3 [12800/50000 (26%)]	Loss: 1.508962
Train Epoch: 3 [12800/50000 (26%)]	Loss: 1.380492
Train Epoch: 3 [12800/50000 (26%)]	Loss: 1.365588
Train Epoch: 3 [25600/50000 (51%)]	Loss: 1.147146
Train Epoch: 3 [12800/50000 (26%)]	Loss: 1.469062
Train Epoch: 3 [12800/50000 (26%)]	Loss: 1.491401
Train Epoch: 3 [25600/50000 (51%)]	Loss: 1.514566
Train Epoch: 3 [25600/50000 (51%)]	Loss: 1.168496
Train Epoch: 3 [25600/50000 (51%)]	Loss: 1.446842
Train Epoch: 3 [25600/50000 (51%)]	Loss: 1.196925
Train Epoch: 3 [38400/50000 (77%)]	Loss: 1.300801
Train Epoch: 3 [25600/50000 (51%)]	Loss: 1.337673
Train Epoch: 3 [25600/50000 (51%)]	Loss: 1.248421
Train Epoch: 3 [38400/50000 (77%)]	Loss: 1.498671
Train Epoch: 3 [38400/50000 (77%)]	Loss: 1.393803
Train Epoch: 3 [38400/50000 (77%)]	Loss: 1.393310
Train Epoch: 3 [38400/50000 (77%)]	Loss: 1.360424
Train Epoch: 3 [38400/50000 (77%)]	Loss: 1.300058
Train Epoch: 3 [38400/50000 (77%)]	Loss: 1.224959

Validation set: Average loss: 1.3139, Accuracy: 5325/10000 (53%)

Train Epoch: 4 [0/50000 (0%)]	Loss: 1.471609

Validation set: Average loss: 1.3176, Accuracy: 5280/10000 (53%)

Train Epoch: 4 [0/50000 (0%)]	Loss: 1.204545

Validation set: Average loss: 1.3358, Accuracy: 5206/10000 (52%)

Train Epoch: 4 [12800/50000 (26%)]	Loss: 1.450263

Validation set: Average loss: 1.2843, Accuracy: 5399/10000 (54%)


Validation set: Average loss: 1.3104, Accuracy: 5282/10000 (53%)

Train Epoch: 4 [0/50000 (0%)]	Loss: 1.259672
Train Epoch: 4 [0/50000 (0%)]	Loss: 1.181864
Train Epoch: 4 [0/50000 (0%)]	Loss: 1.337590

Validation set: Average loss: 1.3467, Accuracy: 5102/10000 (51%)

Train Epoch: 4 [0/50000 (0%)]	Loss: 1.193023

Validation set: Average loss: 1.3141, Accuracy: 5354/10000 (54%)

Train Epoch: 4 [0/50000 (0%)]	Loss: 1.206134
Train Epoch: 4 [12800/50000 (26%)]	Loss: 1.158899
Train Epoch: 4 [25600/50000 (51%)]	Loss: 1.050915
Train Epoch: 4 [12800/50000 (26%)]	Loss: 1.237256
Train Epoch: 4 [12800/50000 (26%)]	Loss: 1.256629
Train Epoch: 4 [12800/50000 (26%)]	Loss: 1.244411
Train Epoch: 4 [12800/50000 (26%)]	Loss: 1.356335
Train Epoch: 4 [25600/50000 (51%)]	Loss: 1.247562
Train Epoch: 4 [12800/50000 (26%)]	Loss: 1.177005
Train Epoch: 4 [38400/50000 (77%)]	Loss: 1.350373
Train Epoch: 4 [25600/50000 (51%)]	Loss: 1.097418
Train Epoch: 4 [25600/50000 (51%)]	Loss: 1.160501
Train Epoch: 4 [25600/50000 (51%)]	Loss: 1.221537
Train Epoch: 4 [38400/50000 (77%)]	Loss: 1.262808
Train Epoch: 4 [25600/50000 (51%)]	Loss: 1.371855
Train Epoch: 4 [25600/50000 (51%)]	Loss: 1.189145
Train Epoch: 4 [38400/50000 (77%)]	Loss: 1.220714
Train Epoch: 4 [38400/50000 (77%)]	Loss: 1.122077
Train Epoch: 4 [38400/50000 (77%)]	Loss: 1.237194
Train Epoch: 4 [38400/50000 (77%)]	Loss: 1.157480
Train Epoch: 4 [38400/50000 (77%)]	Loss: 1.257063

Validation set: Average loss: 1.2103, Accuracy: 5675/10000 (57%)

Train Epoch: 5 [0/50000 (0%)]	Loss: 1.159909

Validation set: Average loss: 1.2123, Accuracy: 5641/10000 (56%)

Train Epoch: 5 [0/50000 (0%)]	Loss: 1.170154
Train Epoch: 5 [12800/50000 (26%)]	Loss: 1.143459

Validation set: Average loss: 1.2689, Accuracy: 5490/10000 (55%)

Train Epoch: 5 [0/50000 (0%)]	Loss: 1.323228

Validation set: Average loss: 1.2197, Accuracy: 5591/10000 (56%)


Validation set: Average loss: 1.2440, Accuracy: 5524/10000 (55%)

Train Epoch: 5 [0/50000 (0%)]	Loss: 1.293018
Train Epoch: 5 [0/50000 (0%)]	Loss: 1.171279
Train Epoch: 5 [12800/50000 (26%)]	Loss: 1.309009

Validation set: Average loss: 1.2189, Accuracy: 5646/10000 (56%)

Train Epoch: 5 [0/50000 (0%)]	Loss: 1.282383

Validation set: Average loss: 1.2389, Accuracy: 5619/10000 (56%)

Train Epoch: 5 [0/50000 (0%)]	Loss: 0.988774
Train Epoch: 5 [25600/50000 (51%)]	Loss: 1.137600
Train Epoch: 5 [12800/50000 (26%)]	Loss: 1.068828
Train Epoch: 5 [12800/50000 (26%)]	Loss: 1.078212
Train Epoch: 5 [12800/50000 (26%)]	Loss: 1.243743
Train Epoch: 5 [25600/50000 (51%)]	Loss: 1.211470
Train Epoch: 5 [12800/50000 (26%)]	Loss: 1.193111
Train Epoch: 5 [12800/50000 (26%)]	Loss: 1.044613
Train Epoch: 5 [38400/50000 (77%)]	Loss: 1.325110
Train Epoch: 5 [25600/50000 (51%)]	Loss: 1.096977
Train Epoch: 5 [25600/50000 (51%)]	Loss: 1.037008
Train Epoch: 5 [25600/50000 (51%)]	Loss: 1.131023
Train Epoch: 5 [38400/50000 (77%)]	Loss: 1.059676
Train Epoch: 5 [25600/50000 (51%)]	Loss: 1.060011
Train Epoch: 5 [25600/50000 (51%)]	Loss: 1.152238
Train Epoch: 5 [38400/50000 (77%)]	Loss: 1.013985
Train Epoch: 5 [38400/50000 (77%)]	Loss: 1.254315
Train Epoch: 5 [38400/50000 (77%)]	Loss: 1.158957
Train Epoch: 5 [38400/50000 (77%)]	Loss: 1.282084
Train Epoch: 5 [38400/50000 (77%)]	Loss: 1.078016

Validation set: Average loss: 1.1655, Accuracy: 5880/10000 (59%)

Train Epoch: 6 [0/50000 (0%)]	Loss: 1.163953

Validation set: Average loss: 1.1519, Accuracy: 5884/10000 (59%)

Train Epoch: 6 [0/50000 (0%)]	Loss: 1.079335
Train Epoch: 6 [12800/50000 (26%)]	Loss: 1.137611

Validation set: Average loss: 1.1880, Accuracy: 5750/10000 (58%)


Validation set: Average loss: 1.1785, Accuracy: 5834/10000 (58%)

Train Epoch: 6 [0/50000 (0%)]	Loss: 1.186219

Validation set: Average loss: 1.1627, Accuracy: 5877/10000 (59%)

Train Epoch: 6 [12800/50000 (26%)]	Loss: 1.186518
Train Epoch: 6 [0/50000 (0%)]	Loss: 1.130044
Train Epoch: 6 [0/50000 (0%)]	Loss: 1.046612

Validation set: Average loss: 1.1880, Accuracy: 5747/10000 (57%)

Train Epoch: 6 [0/50000 (0%)]	Loss: 1.289455

Validation set: Average loss: 1.1455, Accuracy: 5941/10000 (59%)

Train Epoch: 6 [0/50000 (0%)]	Loss: 1.205502
Train Epoch: 6 [25600/50000 (51%)]	Loss: 1.157763
Train Epoch: 6 [12800/50000 (26%)]	Loss: 1.084234
Train Epoch: 6 [25600/50000 (51%)]	Loss: 1.179227
Train Epoch: 6 [12800/50000 (26%)]	Loss: 1.093844
Train Epoch: 6 [12800/50000 (26%)]	Loss: 1.042245
Train Epoch: 6 [12800/50000 (26%)]	Loss: 1.053781
Train Epoch: 6 [12800/50000 (26%)]	Loss: 0.986216
Train Epoch: 6 [38400/50000 (77%)]	Loss: 1.141922
Train Epoch: 6 [25600/50000 (51%)]	Loss: 1.226401
Train Epoch: 6 [38400/50000 (77%)]	Loss: 1.090816
Train Epoch: 6 [25600/50000 (51%)]	Loss: 1.305963
Train Epoch: 6 [25600/50000 (51%)]	Loss: 1.024881
Train Epoch: 6 [25600/50000 (51%)]	Loss: 1.040569
Train Epoch: 6 [25600/50000 (51%)]	Loss: 0.964271
Train Epoch: 6 [38400/50000 (77%)]	Loss: 1.312344
Train Epoch: 6 [38400/50000 (77%)]	Loss: 1.043773
Train Epoch: 6 [38400/50000 (77%)]	Loss: 1.152401
Train Epoch: 6 [38400/50000 (77%)]	Loss: 1.266816

Validation set: Average loss: 1.1357, Accuracy: 5994/10000 (60%)

Train Epoch: 6 [38400/50000 (77%)]	Loss: 1.140073
Train Epoch: 7 [0/50000 (0%)]	Loss: 1.058941

Validation set: Average loss: 1.1430, Accuracy: 5935/10000 (59%)

Train Epoch: 7 [0/50000 (0%)]	Loss: 0.955356
Train Epoch: 7 [12800/50000 (26%)]	Loss: 0.978175

Validation set: Average loss: 1.1696, Accuracy: 5889/10000 (59%)

Train Epoch: 7 [0/50000 (0%)]	Loss: 1.162650

Validation set: Average loss: 1.1031, Accuracy: 6139/10000 (61%)

Train Epoch: 7 [12800/50000 (26%)]	Loss: 1.006503

Validation set: Average loss: 1.1340, Accuracy: 5986/10000 (60%)

Train Epoch: 7 [0/50000 (0%)]	Loss: 0.924946
Train Epoch: 7 [0/50000 (0%)]	Loss: 1.063927

Validation set: Average loss: 1.1501, Accuracy: 5955/10000 (60%)

Train Epoch: 7 [0/50000 (0%)]	Loss: 1.063994

Validation set: Average loss: 1.1182, Accuracy: 6093/10000 (61%)

Train Epoch: 7 [0/50000 (0%)]	Loss: 1.180866
Train Epoch: 7 [25600/50000 (51%)]	Loss: 0.974782
Train Epoch: 7 [12800/50000 (26%)]	Loss: 0.961654
Train Epoch: 7 [25600/50000 (51%)]	Loss: 0.916668
Train Epoch: 7 [12800/50000 (26%)]	Loss: 1.149107
Train Epoch: 7 [12800/50000 (26%)]	Loss: 0.928417
Train Epoch: 7 [12800/50000 (26%)]	Loss: 0.898427
Train Epoch: 7 [12800/50000 (26%)]	Loss: 1.026116
Train Epoch: 7 [38400/50000 (77%)]	Loss: 1.119426
Train Epoch: 7 [25600/50000 (51%)]	Loss: 1.129793
Train Epoch: 7 [38400/50000 (77%)]	Loss: 1.023746
Train Epoch: 7 [25600/50000 (51%)]	Loss: 0.944781
Train Epoch: 7 [25600/50000 (51%)]	Loss: 1.032992
Train Epoch: 7 [25600/50000 (51%)]	Loss: 0.921592
Train Epoch: 7 [25600/50000 (51%)]	Loss: 1.177975
Train Epoch: 7 [38400/50000 (77%)]	Loss: 0.982338
Train Epoch: 7 [38400/50000 (77%)]	Loss: 1.034261
Train Epoch: 7 [38400/50000 (77%)]	Loss: 0.949234

Validation set: Average loss: 1.0716, Accuracy: 6178/10000 (62%)

Train Epoch: 7 [38400/50000 (77%)]	Loss: 1.014359
Train Epoch: 8 [0/50000 (0%)]	Loss: 0.998102
Train Epoch: 7 [38400/50000 (77%)]	Loss: 0.969958

Validation set: Average loss: 1.1213, Accuracy: 6017/10000 (60%)

Train Epoch: 8 [0/50000 (0%)]	Loss: 0.822032
Train Epoch: 8 [12800/50000 (26%)]	Loss: 0.972915

Validation set: Average loss: 1.1214, Accuracy: 6068/10000 (61%)

Train Epoch: 8 [12800/50000 (26%)]	Loss: 1.018264
Train Epoch: 8 [0/50000 (0%)]	Loss: 1.072999

Validation set: Average loss: 1.0989, Accuracy: 6135/10000 (61%)


Validation set: Average loss: 1.1298, Accuracy: 6044/10000 (60%)

Train Epoch: 8 [0/50000 (0%)]	Loss: 1.108750
Train Epoch: 8 [0/50000 (0%)]	Loss: 0.940247

Validation set: Average loss: 1.1046, Accuracy: 6095/10000 (61%)

Train Epoch: 8 [0/50000 (0%)]	Loss: 0.921845

Validation set: Average loss: 1.1378, Accuracy: 6003/10000 (60%)

Train Epoch: 8 [25600/50000 (51%)]	Loss: 0.857140
Train Epoch: 8 [0/50000 (0%)]	Loss: 0.883628
Train Epoch: 8 [25600/50000 (51%)]	Loss: 0.913325
Train Epoch: 8 [12800/50000 (26%)]	Loss: 0.997367
Train Epoch: 8 [12800/50000 (26%)]	Loss: 1.039374
Train Epoch: 8 [12800/50000 (26%)]	Loss: 1.130211
Train Epoch: 8 [12800/50000 (26%)]	Loss: 0.848737
Train Epoch: 8 [38400/50000 (77%)]	Loss: 0.878194
Train Epoch: 8 [12800/50000 (26%)]	Loss: 0.896212
Train Epoch: 8 [38400/50000 (77%)]	Loss: 1.092816
Train Epoch: 8 [25600/50000 (51%)]	Loss: 1.047715
Train Epoch: 8 [25600/50000 (51%)]	Loss: 0.915050
Train Epoch: 8 [25600/50000 (51%)]	Loss: 0.948082
Train Epoch: 8 [25600/50000 (51%)]	Loss: 0.893155
Train Epoch: 8 [25600/50000 (51%)]	Loss: 1.179454
Train Epoch: 8 [38400/50000 (77%)]	Loss: 1.053840
Train Epoch: 8 [38400/50000 (77%)]	Loss: 0.905861
Train Epoch: 8 [38400/50000 (77%)]	Loss: 1.063729

Validation set: Average loss: 1.0987, Accuracy: 6203/10000 (62%)

Train Epoch: 9 [0/50000 (0%)]	Loss: 0.915099
Train Epoch: 8 [38400/50000 (77%)]	Loss: 0.965695

Validation set: Average loss: 1.0907, Accuracy: 6181/10000 (62%)

Train Epoch: 9 [0/50000 (0%)]	Loss: 0.964995
Train Epoch: 8 [38400/50000 (77%)]	Loss: 0.919301
Train Epoch: 9 [12800/50000 (26%)]	Loss: 0.775680
Train Epoch: 9 [12800/50000 (26%)]	Loss: 0.791419

Validation set: Average loss: 1.1404, Accuracy: 6026/10000 (60%)

Train Epoch: 9 [0/50000 (0%)]	Loss: 1.014318

Validation set: Average loss: 1.0852, Accuracy: 6231/10000 (62%)


Validation set: Average loss: 1.1249, Accuracy: 6064/10000 (61%)

Train Epoch: 9 [0/50000 (0%)]	Loss: 0.956402
Train Epoch: 9 [0/50000 (0%)]	Loss: 0.962167

Validation set: Average loss: 1.0759, Accuracy: 6181/10000 (62%)

Train Epoch: 9 [0/50000 (0%)]	Loss: 0.846973
Train Epoch: 9 [25600/50000 (51%)]	Loss: 0.908761

Validation set: Average loss: 1.0746, Accuracy: 6292/10000 (63%)

Train Epoch: 9 [0/50000 (0%)]	Loss: 0.987617
Train Epoch: 9 [25600/50000 (51%)]	Loss: 0.981157
Train Epoch: 9 [12800/50000 (26%)]	Loss: 1.010630
Train Epoch: 9 [12800/50000 (26%)]	Loss: 0.973420
Train Epoch: 9 [12800/50000 (26%)]	Loss: 1.186966
Train Epoch: 9 [12800/50000 (26%)]	Loss: 1.050190
Train Epoch: 9 [38400/50000 (77%)]	Loss: 0.914314
Train Epoch: 9 [12800/50000 (26%)]	Loss: 0.771399
Train Epoch: 9 [38400/50000 (77%)]	Loss: 1.060671
Train Epoch: 9 [25600/50000 (51%)]	Loss: 0.860677
Train Epoch: 9 [25600/50000 (51%)]	Loss: 1.131683
Train Epoch: 9 [25600/50000 (51%)]	Loss: 0.950992
Train Epoch: 9 [25600/50000 (51%)]	Loss: 0.762766
Train Epoch: 9 [25600/50000 (51%)]	Loss: 1.037158
Train Epoch: 9 [38400/50000 (77%)]	Loss: 0.891622
Train Epoch: 9 [38400/50000 (77%)]	Loss: 0.916149
Train Epoch: 9 [38400/50000 (77%)]	Loss: 0.991080

Validation set: Average loss: 1.1265, Accuracy: 6084/10000 (61%)


Validation set: Average loss: 1.0882, Accuracy: 6256/10000 (63%)

Train Epoch: 10 [0/50000 (0%)]	Loss: 1.066611
Train Epoch: 9 [38400/50000 (77%)]	Loss: 0.826467
Train Epoch: 10 [0/50000 (0%)]	Loss: 0.774981
Train Epoch: 9 [38400/50000 (77%)]	Loss: 0.831914
Train Epoch: 10 [12800/50000 (26%)]	Loss: 0.943762
Train Epoch: 10 [12800/50000 (26%)]	Loss: 0.960824

Validation set: Average loss: 1.0929, Accuracy: 6189/10000 (62%)

Train Epoch: 10 [0/50000 (0%)]	Loss: 1.049893

Validation set: Average loss: 1.0641, Accuracy: 6239/10000 (62%)

Train Epoch: 10 [0/50000 (0%)]	Loss: 0.844532

Validation set: Average loss: 1.0656, Accuracy: 6294/10000 (63%)

Train Epoch: 10 [0/50000 (0%)]	Loss: 0.952107

Validation set: Average loss: 1.0498, Accuracy: 6335/10000 (63%)

Train Epoch: 10 [0/50000 (0%)]	Loss: 1.045357
Train Epoch: 10 [25600/50000 (51%)]	Loss: 0.917559
Train Epoch: 10 [25600/50000 (51%)]	Loss: 0.864316

Validation set: Average loss: 1.0221, Accuracy: 6452/10000 (65%)

Train Epoch: 10 [0/50000 (0%)]	Loss: 0.854893
Train Epoch: 10 [12800/50000 (26%)]	Loss: 0.917508
Train Epoch: 10 [12800/50000 (26%)]	Loss: 0.883380
Train Epoch: 10 [12800/50000 (26%)]	Loss: 1.034017
Train Epoch: 10 [38400/50000 (77%)]	Loss: 0.942522
Train Epoch: 10 [12800/50000 (26%)]	Loss: 0.762447
Train Epoch: 10 [38400/50000 (77%)]	Loss: 0.904589
Train Epoch: 10 [12800/50000 (26%)]	Loss: 0.847308
Train Epoch: 10 [25600/50000 (51%)]	Loss: 1.029404
Train Epoch: 10 [25600/50000 (51%)]	Loss: 0.983523
Train Epoch: 10 [25600/50000 (51%)]	Loss: 0.941748
Train Epoch: 10 [25600/50000 (51%)]	Loss: 0.951543
Train Epoch: 10 [25600/50000 (51%)]	Loss: 0.914631
Train Epoch: 10 [38400/50000 (77%)]	Loss: 0.974959
Train Epoch: 10 [38400/50000 (77%)]	Loss: 0.870940

Validation set: Average loss: 1.0874, Accuracy: 6220/10000 (62%)


Validation set: Average loss: 1.0454, Accuracy: 6337/10000 (63%)

Train Epoch: 10 [38400/50000 (77%)]	Loss: 0.959263
性能图表已保存至: fig/cnn/baseline_sgd_high_lr/performance_baseline_sgd_high_lr.png
Model saved to out/cnn/baseline_sgd_high_lr/model.pth
性能图表已保存至: fig/cnn/baseline_sgd_high_lr/performance_baseline_sgd_high_lr.png
Model saved to out/cnn/baseline_sgd_high_lr/model.pth
Train Epoch: 10 [38400/50000 (77%)]	Loss: 0.885672
Train Epoch: 10 [38400/50000 (77%)]	Loss: 0.890990

Validation set: Average loss: 1.0750, Accuracy: 6257/10000 (63%)

性能图表已保存至: fig/cnn/baseline_sgd_high_lr/performance_baseline_sgd_high_lr.png
Model saved to out/cnn/baseline_sgd_high_lr/model.pth

Validation set: Average loss: 1.0766, Accuracy: 6332/10000 (63%)


Validation set: Average loss: 1.0544, Accuracy: 6368/10000 (64%)

性能图表已保存至: fig/cnn/baseline_sgd_high_lr/performance_baseline_sgd_high_lr.png
Model saved to out/cnn/baseline_sgd_high_lr/model.pth
性能图表已保存至: fig/cnn/baseline_sgd_high_lr/performance_baseline_sgd_high_lr.png
Model saved to out/cnn/baseline_sgd_high_lr/model.pth

Validation set: Average loss: 1.0674, Accuracy: 6320/10000 (63%)

性能图表已保存至: fig/cnn/baseline_sgd_high_lr/performance_baseline_sgd_high_lr.png
Model saved to out/cnn/baseline_sgd_high_lr/model.pth

Validation set: Average loss: 1.0230, Accuracy: 6461/10000 (65%)

性能图表已保存至: fig/cnn/baseline_sgd_high_lr/performance_baseline_sgd_high_lr.png
Model saved to out/cnn/baseline_sgd_high_lr/model.pth
