Running Experiment: baseline
Using device: cuda
Running Experiment: baseline
Using device: cuda
Running Experiment: baseline
Using device: cuda
Running Experiment: baseline
Using device: cuda
Running Experiment: baseline
Using device: cuda
Running Experiment: baseline
Using device: cuda
Running Experiment: baseline
Using device: cuda
Using 7 GPUs!
Model Architecture:
DataParallel(
  (module): BaselineNet(
    (conv1): Conv2d(3, 6, kernel_size=(5, 5), stride=(1, 1))
    (pool): MaxPool2d(kernel_size=2, stride=2, padding=0, dilation=1, ceil_mode=False)
    (conv2): Conv2d(6, 16, kernel_size=(5, 5), stride=(1, 1))
    (fc1): Linear(in_features=400, out_features=120, bias=True)
    (fc2): Linear(in_features=120, out_features=84, bias=True)
    (fc3): Linear(in_features=84, out_features=10, bias=True)
  )
)

Optimizer:
SGD (
Parameter Group 0
    dampening: 0
    differentiable: False
    foreach: None
    fused: None
    lr: 0.001
    maximize: False
    momentum: 0.9
    nesterov: False
    weight_decay: 0
)
Using 7 GPUs!
Model Architecture:
DataParallel(
  (module): BaselineNet(
    (conv1): Conv2d(3, 6, kernel_size=(5, 5), stride=(1, 1))
    (pool): MaxPool2d(kernel_size=2, stride=2, padding=0, dilation=1, ceil_mode=False)
    (conv2): Conv2d(6, 16, kernel_size=(5, 5), stride=(1, 1))
    (fc1): Linear(in_features=400, out_features=120, bias=True)
    (fc2): Linear(in_features=120, out_features=84, bias=True)
    (fc3): Linear(in_features=84, out_features=10, bias=True)
  )
)

Optimizer:
SGD (
Parameter Group 0
    dampening: 0
    differentiable: False
    foreach: None
    fused: None
    lr: 0.001
    maximize: False
    momentum: 0.9
    nesterov: False
    weight_decay: 0
)
Using 7 GPUs!
Model Architecture:
DataParallel(
  (module): BaselineNet(
    (conv1): Conv2d(3, 6, kernel_size=(5, 5), stride=(1, 1))
    (pool): MaxPool2d(kernel_size=2, stride=2, padding=0, dilation=1, ceil_mode=False)
    (conv2): Conv2d(6, 16, kernel_size=(5, 5), stride=(1, 1))
    (fc1): Linear(in_features=400, out_features=120, bias=True)
    (fc2): Linear(in_features=120, out_features=84, bias=True)
    (fc3): Linear(in_features=84, out_features=10, bias=True)
  )
)

Optimizer:
SGD (
Parameter Group 0
    dampening: 0
    differentiable: False
    foreach: None
    fused: None
    lr: 0.001
    maximize: False
    momentum: 0.9
    nesterov: False
    weight_decay: 0
)
Using 7 GPUs!
Model Architecture:
DataParallel(
  (module): BaselineNet(
    (conv1): Conv2d(3, 6, kernel_size=(5, 5), stride=(1, 1))
    (pool): MaxPool2d(kernel_size=2, stride=2, padding=0, dilation=1, ceil_mode=False)
    (conv2): Conv2d(6, 16, kernel_size=(5, 5), stride=(1, 1))
    (fc1): Linear(in_features=400, out_features=120, bias=True)
    (fc2): Linear(in_features=120, out_features=84, bias=True)
    (fc3): Linear(in_features=84, out_features=10, bias=True)
  )
)

Optimizer:
SGD (
Parameter Group 0
    dampening: 0
    differentiable: False
    foreach: None
    fused: None
    lr: 0.001
    maximize: False
    momentum: 0.9
    nesterov: False
    weight_decay: 0
)
Using 7 GPUs!
Model Architecture:
DataParallel(
  (module): BaselineNet(
    (conv1): Conv2d(3, 6, kernel_size=(5, 5), stride=(1, 1))
    (pool): MaxPool2d(kernel_size=2, stride=2, padding=0, dilation=1, ceil_mode=False)
    (conv2): Conv2d(6, 16, kernel_size=(5, 5), stride=(1, 1))
    (fc1): Linear(in_features=400, out_features=120, bias=True)
    (fc2): Linear(in_features=120, out_features=84, bias=True)
    (fc3): Linear(in_features=84, out_features=10, bias=True)
  )
)

Optimizer:
SGD (
Parameter Group 0
    dampening: 0
    differentiable: False
    foreach: None
    fused: None
    lr: 0.001
    maximize: False
    momentum: 0.9
    nesterov: False
    weight_decay: 0
)
Using 7 GPUs!
Model Architecture:
DataParallel(
  (module): BaselineNet(
    (conv1): Conv2d(3, 6, kernel_size=(5, 5), stride=(1, 1))
    (pool): MaxPool2d(kernel_size=2, stride=2, padding=0, dilation=1, ceil_mode=False)
    (conv2): Conv2d(6, 16, kernel_size=(5, 5), stride=(1, 1))
    (fc1): Linear(in_features=400, out_features=120, bias=True)
    (fc2): Linear(in_features=120, out_features=84, bias=True)
    (fc3): Linear(in_features=84, out_features=10, bias=True)
  )
)

Optimizer:
SGD (
Parameter Group 0
    dampening: 0
    differentiable: False
    foreach: None
    fused: None
    lr: 0.001
    maximize: False
    momentum: 0.9
    nesterov: False
    weight_decay: 0
)
Using 7 GPUs!
Model Architecture:
DataParallel(
  (module): BaselineNet(
    (conv1): Conv2d(3, 6, kernel_size=(5, 5), stride=(1, 1))
    (pool): MaxPool2d(kernel_size=2, stride=2, padding=0, dilation=1, ceil_mode=False)
    (conv2): Conv2d(6, 16, kernel_size=(5, 5), stride=(1, 1))
    (fc1): Linear(in_features=400, out_features=120, bias=True)
    (fc2): Linear(in_features=120, out_features=84, bias=True)
    (fc3): Linear(in_features=84, out_features=10, bias=True)
  )
)

Optimizer:
SGD (
Parameter Group 0
    dampening: 0
    differentiable: False
    foreach: None
    fused: None
    lr: 0.001
    maximize: False
    momentum: 0.9
    nesterov: False
    weight_decay: 0
)
Train Epoch: 1 [0/50000 (0%)]	Loss: 2.307652
Train Epoch: 1 [0/50000 (0%)]	Loss: 2.306407
Train Epoch: 1 [0/50000 (0%)]	Loss: 2.306470
Train Epoch: 1 [0/50000 (0%)]	Loss: 2.301003
Train Epoch: 1 [0/50000 (0%)]	Loss: 2.305307
Train Epoch: 1 [0/50000 (0%)]	Loss: 2.315850
Train Epoch: 1 [0/50000 (0%)]	Loss: 2.305960
Train Epoch: 1 [12800/50000 (26%)]	Loss: 2.302241
Train Epoch: 1 [12800/50000 (26%)]	Loss: 2.304555
Train Epoch: 1 [12800/50000 (26%)]	Loss: 2.303829
Train Epoch: 1 [12800/50000 (26%)]	Loss: 2.306550
Train Epoch: 1 [12800/50000 (26%)]	Loss: 2.302046
Train Epoch: 1 [12800/50000 (26%)]	Loss: 2.301627
Train Epoch: 1 [12800/50000 (26%)]	Loss: 2.304776
Train Epoch: 1 [25600/50000 (51%)]	Loss: 2.295979
Train Epoch: 1 [25600/50000 (51%)]	Loss: 2.302183
Train Epoch: 1 [25600/50000 (51%)]	Loss: 2.296893
Train Epoch: 1 [25600/50000 (51%)]	Loss: 2.300732
Train Epoch: 1 [25600/50000 (51%)]	Loss: 2.301245
Train Epoch: 1 [25600/50000 (51%)]	Loss: 2.307250
Train Epoch: 1 [25600/50000 (51%)]	Loss: 2.305645
Train Epoch: 1 [38400/50000 (77%)]	Loss: 2.300673
Train Epoch: 1 [38400/50000 (77%)]	Loss: 2.302292
Train Epoch: 1 [38400/50000 (77%)]	Loss: 2.303465
Train Epoch: 1 [38400/50000 (77%)]	Loss: 2.296391
Train Epoch: 1 [38400/50000 (77%)]	Loss: 2.299173
Train Epoch: 1 [38400/50000 (77%)]	Loss: 2.297024
Train Epoch: 1 [38400/50000 (77%)]	Loss: 2.302435

Validation set: Average loss: 2.2986, Accuracy: 1212/10000 (12%)

Train Epoch: 2 [0/50000 (0%)]	Loss: 2.296202

Validation set: Average loss: 2.2997, Accuracy: 1000/10000 (10%)


Validation set: Average loss: 2.2978, Accuracy: 1518/10000 (15%)


Validation set: Average loss: 2.2998, Accuracy: 1048/10000 (10%)


Validation set: Average loss: 2.3026, Accuracy: 1000/10000 (10%)


Validation set: Average loss: 2.2930, Accuracy: 1145/10000 (11%)

Train Epoch: 2 [0/50000 (0%)]	Loss: 2.301122
Train Epoch: 2 [0/50000 (0%)]	Loss: 2.299702
Train Epoch: 2 [0/50000 (0%)]	Loss: 2.295275
Train Epoch: 2 [0/50000 (0%)]	Loss: 2.279112
Train Epoch: 2 [0/50000 (0%)]	Loss: 2.301325

Validation set: Average loss: 2.2996, Accuracy: 1321/10000 (13%)

Train Epoch: 2 [0/50000 (0%)]	Loss: 2.294517
Train Epoch: 2 [12800/50000 (26%)]	Loss: 2.298174
Train Epoch: 2 [12800/50000 (26%)]	Loss: 2.299366
Train Epoch: 2 [12800/50000 (26%)]	Loss: 2.297915
Train Epoch: 2 [12800/50000 (26%)]	Loss: 2.293231
Train Epoch: 2 [12800/50000 (26%)]	Loss: 2.292578
Train Epoch: 2 [12800/50000 (26%)]	Loss: 2.301951
Train Epoch: 2 [12800/50000 (26%)]	Loss: 2.300974
Train Epoch: 2 [25600/50000 (51%)]	Loss: 2.293031
Train Epoch: 2 [25600/50000 (51%)]	Loss: 2.296757
Train Epoch: 2 [25600/50000 (51%)]	Loss: 2.275832
Train Epoch: 2 [25600/50000 (51%)]	Loss: 2.293257
Train Epoch: 2 [25600/50000 (51%)]	Loss: 2.288466
Train Epoch: 2 [25600/50000 (51%)]	Loss: 2.302513
Train Epoch: 2 [25600/50000 (51%)]	Loss: 2.296885
Train Epoch: 2 [38400/50000 (77%)]	Loss: 2.290225
Train Epoch: 2 [38400/50000 (77%)]	Loss: 2.294020
Train Epoch: 2 [38400/50000 (77%)]	Loss: 2.294694
Train Epoch: 2 [38400/50000 (77%)]	Loss: 2.272391
Train Epoch: 2 [38400/50000 (77%)]	Loss: 2.225847
Train Epoch: 2 [38400/50000 (77%)]	Loss: 2.305655
Train Epoch: 2 [38400/50000 (77%)]	Loss: 2.287551

Validation set: Average loss: 2.2793, Accuracy: 1335/10000 (13%)

Train Epoch: 3 [0/50000 (0%)]	Loss: 2.269105

Validation set: Average loss: 2.2902, Accuracy: 1737/10000 (17%)


Validation set: Average loss: 2.2862, Accuracy: 1659/10000 (17%)

Train Epoch: 3 [0/50000 (0%)]	Loss: 2.296224

Validation set: Average loss: 2.2518, Accuracy: 1492/10000 (15%)


Validation set: Average loss: 2.3001, Accuracy: 1274/10000 (13%)

Train Epoch: 3 [0/50000 (0%)]	Loss: 2.290088

Validation set: Average loss: 2.2099, Accuracy: 2204/10000 (22%)

Train Epoch: 3 [0/50000 (0%)]	Loss: 2.245915
Train Epoch: 3 [0/50000 (0%)]	Loss: 2.297451
Train Epoch: 3 [0/50000 (0%)]	Loss: 2.219129

Validation set: Average loss: 2.2848, Accuracy: 1702/10000 (17%)

Train Epoch: 3 [0/50000 (0%)]	Loss: 2.281606
Train Epoch: 3 [12800/50000 (26%)]	Loss: 2.262119
Train Epoch: 3 [12800/50000 (26%)]	Loss: 2.279629
Train Epoch: 3 [12800/50000 (26%)]	Loss: 2.256512
Train Epoch: 3 [12800/50000 (26%)]	Loss: 2.226020
Train Epoch: 3 [12800/50000 (26%)]	Loss: 2.295819
Train Epoch: 3 [12800/50000 (26%)]	Loss: 2.133249
Train Epoch: 3 [12800/50000 (26%)]	Loss: 2.269989
Train Epoch: 3 [25600/50000 (51%)]	Loss: 2.253699
Train Epoch: 3 [25600/50000 (51%)]	Loss: 2.274367
Train Epoch: 3 [25600/50000 (51%)]	Loss: 2.249207
Train Epoch: 3 [25600/50000 (51%)]	Loss: 2.122239
Train Epoch: 3 [25600/50000 (51%)]	Loss: 2.296125
Train Epoch: 3 [25600/50000 (51%)]	Loss: 2.030163
Train Epoch: 3 [25600/50000 (51%)]	Loss: 2.250662
Train Epoch: 3 [38400/50000 (77%)]	Loss: 2.223920
Train Epoch: 3 [38400/50000 (77%)]	Loss: 2.275171
Train Epoch: 3 [38400/50000 (77%)]	Loss: 2.180060
Train Epoch: 3 [38400/50000 (77%)]	Loss: 2.224867
Train Epoch: 3 [38400/50000 (77%)]	Loss: 2.294859
Train Epoch: 3 [38400/50000 (77%)]	Loss: 1.980818
Train Epoch: 3 [38400/50000 (77%)]	Loss: 2.201814

Validation set: Average loss: 2.1373, Accuracy: 2254/10000 (23%)

Train Epoch: 4 [0/50000 (0%)]	Loss: 2.164295

Validation set: Average loss: 2.2134, Accuracy: 1987/10000 (20%)


Validation set: Average loss: 2.1310, Accuracy: 2388/10000 (24%)

Train Epoch: 4 [0/50000 (0%)]	Loss: 2.218190

Validation set: Average loss: 2.1696, Accuracy: 2341/10000 (23%)

Train Epoch: 4 [0/50000 (0%)]	Loss: 2.140806
Train Epoch: 4 [0/50000 (0%)]	Loss: 2.110863

Validation set: Average loss: 2.2947, Accuracy: 1321/10000 (13%)


Validation set: Average loss: 1.9669, Accuracy: 2898/10000 (29%)

Train Epoch: 4 [0/50000 (0%)]	Loss: 2.290387
Train Epoch: 4 [0/50000 (0%)]	Loss: 1.983731

Validation set: Average loss: 2.1454, Accuracy: 2241/10000 (22%)

Train Epoch: 4 [0/50000 (0%)]	Loss: 2.178697
Train Epoch: 4 [12800/50000 (26%)]	Loss: 2.069384
Train Epoch: 4 [12800/50000 (26%)]	Loss: 2.219841
Train Epoch: 4 [12800/50000 (26%)]	Loss: 2.103724
Train Epoch: 4 [12800/50000 (26%)]	Loss: 2.131319
Train Epoch: 4 [12800/50000 (26%)]	Loss: 2.283356
Train Epoch: 4 [12800/50000 (26%)]	Loss: 2.031629
Train Epoch: 4 [12800/50000 (26%)]	Loss: 2.087538
Train Epoch: 4 [25600/50000 (51%)]	Loss: 2.102496
Train Epoch: 4 [25600/50000 (51%)]	Loss: 2.059635
Train Epoch: 4 [25600/50000 (51%)]	Loss: 2.076877
Train Epoch: 4 [25600/50000 (51%)]	Loss: 2.129609
Train Epoch: 4 [25600/50000 (51%)]	Loss: 2.291011
Train Epoch: 4 [25600/50000 (51%)]	Loss: 1.917418
Train Epoch: 4 [25600/50000 (51%)]	Loss: 2.098717
Train Epoch: 4 [38400/50000 (77%)]	Loss: 2.030444
Train Epoch: 4 [38400/50000 (77%)]	Loss: 2.070185
Train Epoch: 4 [38400/50000 (77%)]	Loss: 1.969755
Train Epoch: 4 [38400/50000 (77%)]	Loss: 1.996034
Train Epoch: 4 [38400/50000 (77%)]	Loss: 2.274321
Train Epoch: 4 [38400/50000 (77%)]	Loss: 2.020545
Train Epoch: 4 [38400/50000 (77%)]	Loss: 2.048850

Validation set: Average loss: 1.9769, Accuracy: 2961/10000 (30%)

Train Epoch: 5 [0/50000 (0%)]	Loss: 1.937376

Validation set: Average loss: 1.9675, Accuracy: 2964/10000 (30%)


Validation set: Average loss: 1.9451, Accuracy: 2891/10000 (29%)


Validation set: Average loss: 1.9690, Accuracy: 2845/10000 (28%)

Train Epoch: 5 [0/50000 (0%)]	Loss: 1.949983
Train Epoch: 5 [0/50000 (0%)]	Loss: 1.906802
Train Epoch: 5 [0/50000 (0%)]	Loss: 1.957896

Validation set: Average loss: 2.2662, Accuracy: 1642/10000 (16%)

Train Epoch: 5 [0/50000 (0%)]	Loss: 2.267734

Validation set: Average loss: 1.8817, Accuracy: 3221/10000 (32%)

Train Epoch: 5 [0/50000 (0%)]	Loss: 1.969761

Validation set: Average loss: 1.9891, Accuracy: 2796/10000 (28%)

Train Epoch: 5 [0/50000 (0%)]	Loss: 2.116142
Train Epoch: 5 [12800/50000 (26%)]	Loss: 2.030361
Train Epoch: 5 [12800/50000 (26%)]	Loss: 1.886595
Train Epoch: 5 [12800/50000 (26%)]	Loss: 1.943841
Train Epoch: 5 [12800/50000 (26%)]	Loss: 1.963304
Train Epoch: 5 [12800/50000 (26%)]	Loss: 2.253702
Train Epoch: 5 [12800/50000 (26%)]	Loss: 1.771317
Train Epoch: 5 [12800/50000 (26%)]	Loss: 1.949585
Train Epoch: 5 [25600/50000 (51%)]	Loss: 1.912824
Train Epoch: 5 [25600/50000 (51%)]	Loss: 1.932825
Train Epoch: 5 [25600/50000 (51%)]	Loss: 1.978625
Train Epoch: 5 [25600/50000 (51%)]	Loss: 1.964437
Train Epoch: 5 [25600/50000 (51%)]	Loss: 2.185302
Train Epoch: 5 [25600/50000 (51%)]	Loss: 2.039437
Train Epoch: 5 [25600/50000 (51%)]	Loss: 2.057901
Train Epoch: 5 [38400/50000 (77%)]	Loss: 2.047157
Train Epoch: 5 [38400/50000 (77%)]	Loss: 1.789537
Train Epoch: 5 [38400/50000 (77%)]	Loss: 1.933581
Train Epoch: 5 [38400/50000 (77%)]	Loss: 1.827029
Train Epoch: 5 [38400/50000 (77%)]	Loss: 2.116886
Train Epoch: 5 [38400/50000 (77%)]	Loss: 1.768615
Train Epoch: 5 [38400/50000 (77%)]	Loss: 1.902476

Validation set: Average loss: 1.8671, Accuracy: 3207/10000 (32%)

Train Epoch: 6 [0/50000 (0%)]	Loss: 1.928492

Validation set: Average loss: 1.8561, Accuracy: 3287/10000 (33%)


Validation set: Average loss: 1.8168, Accuracy: 3357/10000 (34%)

Train Epoch: 6 [0/50000 (0%)]	Loss: 1.895314
Train Epoch: 6 [0/50000 (0%)]	Loss: 1.818041

Validation set: Average loss: 1.8677, Accuracy: 3260/10000 (33%)


Validation set: Average loss: 2.1234, Accuracy: 2522/10000 (25%)

Train Epoch: 6 [0/50000 (0%)]	Loss: 1.863276
Train Epoch: 6 [0/50000 (0%)]	Loss: 2.188813

Validation set: Average loss: 1.7889, Accuracy: 3559/10000 (36%)

Train Epoch: 6 [0/50000 (0%)]	Loss: 1.722021

Validation set: Average loss: 1.8960, Accuracy: 3034/10000 (30%)

Train Epoch: 6 [12800/50000 (26%)]	Loss: 1.822545
Train Epoch: 6 [0/50000 (0%)]	Loss: 1.901919
Train Epoch: 6 [12800/50000 (26%)]	Loss: 1.732592
Train Epoch: 6 [12800/50000 (26%)]	Loss: 1.803583
Train Epoch: 6 [12800/50000 (26%)]	Loss: 2.076576
Train Epoch: 6 [12800/50000 (26%)]	Loss: 1.958548
Train Epoch: 6 [12800/50000 (26%)]	Loss: 1.745087
Train Epoch: 6 [25600/50000 (51%)]	Loss: 1.957302
Train Epoch: 6 [12800/50000 (26%)]	Loss: 1.865786
Train Epoch: 6 [25600/50000 (51%)]	Loss: 1.877527
Train Epoch: 6 [25600/50000 (51%)]	Loss: 1.760752
Train Epoch: 6 [25600/50000 (51%)]	Loss: 2.031633
Train Epoch: 6 [25600/50000 (51%)]	Loss: 1.924354
Train Epoch: 6 [25600/50000 (51%)]	Loss: 1.633733
Train Epoch: 6 [38400/50000 (77%)]	Loss: 2.041722
Train Epoch: 6 [25600/50000 (51%)]	Loss: 1.861416
Train Epoch: 6 [38400/50000 (77%)]	Loss: 1.774178
Train Epoch: 6 [38400/50000 (77%)]	Loss: 1.736003
Train Epoch: 6 [38400/50000 (77%)]	Loss: 2.177639
Train Epoch: 6 [38400/50000 (77%)]	Loss: 1.746296
Train Epoch: 6 [38400/50000 (77%)]	Loss: 1.831890
Train Epoch: 6 [38400/50000 (77%)]	Loss: 1.757931

Validation set: Average loss: 1.7744, Accuracy: 3493/10000 (35%)

Train Epoch: 7 [0/50000 (0%)]	Loss: 1.780117

Validation set: Average loss: 1.7346, Accuracy: 3634/10000 (36%)

Train Epoch: 7 [0/50000 (0%)]	Loss: 1.825263

Validation set: Average loss: 1.7013, Accuracy: 3761/10000 (38%)


Validation set: Average loss: 2.0271, Accuracy: 2934/10000 (29%)

Train Epoch: 7 [0/50000 (0%)]	Loss: 1.839746
Train Epoch: 7 [0/50000 (0%)]	Loss: 2.008903

Validation set: Average loss: 1.7568, Accuracy: 3577/10000 (36%)

Train Epoch: 7 [0/50000 (0%)]	Loss: 1.754703

Validation set: Average loss: 1.6880, Accuracy: 3803/10000 (38%)

Train Epoch: 7 [0/50000 (0%)]	Loss: 1.607639
Train Epoch: 7 [12800/50000 (26%)]	Loss: 1.814878

Validation set: Average loss: 1.8064, Accuracy: 3398/10000 (34%)

Train Epoch: 7 [0/50000 (0%)]	Loss: 1.819026
Train Epoch: 7 [12800/50000 (26%)]	Loss: 1.489440
Train Epoch: 7 [12800/50000 (26%)]	Loss: 1.642131
Train Epoch: 7 [12800/50000 (26%)]	Loss: 1.952538
Train Epoch: 7 [12800/50000 (26%)]	Loss: 1.791610
Train Epoch: 7 [12800/50000 (26%)]	Loss: 1.726890
Train Epoch: 7 [25600/50000 (51%)]	Loss: 1.698339
Train Epoch: 7 [25600/50000 (51%)]	Loss: 1.704573
Train Epoch: 7 [12800/50000 (26%)]	Loss: 1.704359
Train Epoch: 7 [25600/50000 (51%)]	Loss: 1.546936
Train Epoch: 7 [25600/50000 (51%)]	Loss: 1.999924
Train Epoch: 7 [25600/50000 (51%)]	Loss: 1.847044
Train Epoch: 7 [25600/50000 (51%)]	Loss: 1.726453
Train Epoch: 7 [38400/50000 (77%)]	Loss: 1.793894
Train Epoch: 7 [38400/50000 (77%)]	Loss: 1.676474
Train Epoch: 7 [38400/50000 (77%)]	Loss: 1.658075
Train Epoch: 7 [25600/50000 (51%)]	Loss: 1.689261
Train Epoch: 7 [38400/50000 (77%)]	Loss: 1.866463
Train Epoch: 7 [38400/50000 (77%)]	Loss: 1.684692
Train Epoch: 7 [38400/50000 (77%)]	Loss: 1.652243
Train Epoch: 7 [38400/50000 (77%)]	Loss: 1.676136

Validation set: Average loss: 1.6744, Accuracy: 3824/10000 (38%)

Train Epoch: 8 [0/50000 (0%)]	Loss: 1.697811

Validation set: Average loss: 1.6364, Accuracy: 4000/10000 (40%)

Train Epoch: 8 [0/50000 (0%)]	Loss: 1.593250

Validation set: Average loss: 1.6289, Accuracy: 4004/10000 (40%)


Validation set: Average loss: 1.8698, Accuracy: 3311/10000 (33%)

Train Epoch: 8 [0/50000 (0%)]	Loss: 1.591750
Train Epoch: 8 [0/50000 (0%)]	Loss: 1.909242

Validation set: Average loss: 1.6854, Accuracy: 3859/10000 (39%)

Train Epoch: 8 [0/50000 (0%)]	Loss: 1.549694

Validation set: Average loss: 1.6210, Accuracy: 4009/10000 (40%)

Train Epoch: 8 [0/50000 (0%)]	Loss: 1.671355
Train Epoch: 8 [12800/50000 (26%)]	Loss: 1.704753
Train Epoch: 8 [12800/50000 (26%)]	Loss: 1.551368

Validation set: Average loss: 1.7204, Accuracy: 3699/10000 (37%)

Train Epoch: 8 [12800/50000 (26%)]	Loss: 1.709649
Train Epoch: 8 [0/50000 (0%)]	Loss: 1.667118
Train Epoch: 8 [12800/50000 (26%)]	Loss: 1.817894
Train Epoch: 8 [12800/50000 (26%)]	Loss: 1.601013
Train Epoch: 8 [12800/50000 (26%)]	Loss: 1.588714
Train Epoch: 8 [25600/50000 (51%)]	Loss: 1.579306
Train Epoch: 8 [25600/50000 (51%)]	Loss: 1.543868
Train Epoch: 8 [25600/50000 (51%)]	Loss: 1.553479
Train Epoch: 8 [25600/50000 (51%)]	Loss: 1.727512
Train Epoch: 8 [12800/50000 (26%)]	Loss: 1.783681
Train Epoch: 8 [25600/50000 (51%)]	Loss: 1.575597
Train Epoch: 8 [25600/50000 (51%)]	Loss: 1.653638
Train Epoch: 8 [38400/50000 (77%)]	Loss: 1.650954
Train Epoch: 8 [38400/50000 (77%)]	Loss: 1.566539
Train Epoch: 8 [38400/50000 (77%)]	Loss: 1.627193
Train Epoch: 8 [38400/50000 (77%)]	Loss: 1.841489
Train Epoch: 8 [25600/50000 (51%)]	Loss: 1.711859
Train Epoch: 8 [38400/50000 (77%)]	Loss: 1.568948
Train Epoch: 8 [38400/50000 (77%)]	Loss: 1.534987
Train Epoch: 8 [38400/50000 (77%)]	Loss: 1.634698

Validation set: Average loss: 1.6242, Accuracy: 3948/10000 (39%)

Train Epoch: 9 [0/50000 (0%)]	Loss: 1.665710

Validation set: Average loss: 1.5821, Accuracy: 4241/10000 (42%)

Train Epoch: 9 [0/50000 (0%)]	Loss: 1.426669

Validation set: Average loss: 1.5802, Accuracy: 4215/10000 (42%)


Validation set: Average loss: 1.7590, Accuracy: 3623/10000 (36%)

Train Epoch: 9 [0/50000 (0%)]	Loss: 1.659950
Train Epoch: 9 [0/50000 (0%)]	Loss: 1.765565

Validation set: Average loss: 1.6064, Accuracy: 4103/10000 (41%)

Train Epoch: 9 [0/50000 (0%)]	Loss: 1.724783

Validation set: Average loss: 1.5773, Accuracy: 4169/10000 (42%)

Train Epoch: 9 [0/50000 (0%)]	Loss: 1.623176
Train Epoch: 9 [12800/50000 (26%)]	Loss: 1.641877
Train Epoch: 9 [12800/50000 (26%)]	Loss: 1.369107

Validation set: Average loss: 1.6340, Accuracy: 4015/10000 (40%)

Train Epoch: 9 [12800/50000 (26%)]	Loss: 1.703054
Train Epoch: 9 [12800/50000 (26%)]	Loss: 1.487309
Train Epoch: 9 [0/50000 (0%)]	Loss: 1.714952
Train Epoch: 9 [12800/50000 (26%)]	Loss: 1.561379
Train Epoch: 9 [25600/50000 (51%)]	Loss: 1.642436
Train Epoch: 9 [12800/50000 (26%)]	Loss: 1.635146
Train Epoch: 9 [25600/50000 (51%)]	Loss: 1.505357
Train Epoch: 9 [25600/50000 (51%)]	Loss: 1.714713
Train Epoch: 9 [25600/50000 (51%)]	Loss: 1.504556
Train Epoch: 9 [12800/50000 (26%)]	Loss: 1.626539
Train Epoch: 9 [25600/50000 (51%)]	Loss: 1.660561
Train Epoch: 9 [38400/50000 (77%)]	Loss: 1.577445
Train Epoch: 9 [25600/50000 (51%)]	Loss: 1.744774
Train Epoch: 9 [38400/50000 (77%)]	Loss: 1.530268
Train Epoch: 9 [38400/50000 (77%)]	Loss: 1.601806
Train Epoch: 9 [38400/50000 (77%)]	Loss: 1.502659
Train Epoch: 9 [25600/50000 (51%)]	Loss: 1.510603
Train Epoch: 9 [38400/50000 (77%)]	Loss: 1.524315
Train Epoch: 9 [38400/50000 (77%)]	Loss: 1.550270
Train Epoch: 9 [38400/50000 (77%)]	Loss: 1.516776

Validation set: Average loss: 1.5823, Accuracy: 4172/10000 (42%)

Train Epoch: 10 [0/50000 (0%)]	Loss: 1.538567

Validation set: Average loss: 1.5227, Accuracy: 4449/10000 (44%)

Train Epoch: 10 [0/50000 (0%)]	Loss: 1.561866

Validation set: Average loss: 1.7009, Accuracy: 3794/10000 (38%)


Validation set: Average loss: 1.5476, Accuracy: 4390/10000 (44%)

Train Epoch: 10 [0/50000 (0%)]	Loss: 1.664344
Train Epoch: 10 [0/50000 (0%)]	Loss: 1.663065

Validation set: Average loss: 1.5668, Accuracy: 4280/10000 (43%)

Train Epoch: 10 [0/50000 (0%)]	Loss: 1.616556
Train Epoch: 10 [12800/50000 (26%)]	Loss: 1.769617

Validation set: Average loss: 1.5408, Accuracy: 4244/10000 (42%)

Train Epoch: 10 [0/50000 (0%)]	Loss: 1.566185
Train Epoch: 10 [12800/50000 (26%)]	Loss: 1.528766
Train Epoch: 10 [12800/50000 (26%)]	Loss: 1.538460
Train Epoch: 10 [12800/50000 (26%)]	Loss: 1.548097

Validation set: Average loss: 1.5978, Accuracy: 4149/10000 (41%)

Train Epoch: 10 [0/50000 (0%)]	Loss: 1.621691
Train Epoch: 10 [12800/50000 (26%)]	Loss: 1.562453
Train Epoch: 10 [25600/50000 (51%)]	Loss: 1.491423
Train Epoch: 10 [12800/50000 (26%)]	Loss: 1.476020
Train Epoch: 10 [25600/50000 (51%)]	Loss: 1.504238
Train Epoch: 10 [25600/50000 (51%)]	Loss: 1.595268
Train Epoch: 10 [25600/50000 (51%)]	Loss: 1.418521
Train Epoch: 10 [12800/50000 (26%)]	Loss: 1.665450
Train Epoch: 10 [25600/50000 (51%)]	Loss: 1.560832
Train Epoch: 10 [38400/50000 (77%)]	Loss: 1.509580
Train Epoch: 10 [25600/50000 (51%)]	Loss: 1.368048
Train Epoch: 10 [38400/50000 (77%)]	Loss: 1.647737
Train Epoch: 10 [38400/50000 (77%)]	Loss: 1.540849
Train Epoch: 10 [38400/50000 (77%)]	Loss: 1.581916
Train Epoch: 10 [25600/50000 (51%)]	Loss: 1.485258
Train Epoch: 10 [38400/50000 (77%)]	Loss: 1.397990
Train Epoch: 10 [38400/50000 (77%)]	Loss: 1.600673
Train Epoch: 10 [38400/50000 (77%)]	Loss: 1.549284

Validation set: Average loss: 1.5380, Accuracy: 4323/10000 (43%)

性能图表已保存至: fig/cnn/baseline/performance_baseline.png
Model saved to out/cnn/baseline/model.pth

Validation set: Average loss: 1.4776, Accuracy: 4668/10000 (47%)

性能图表已保存至: fig/cnn/baseline/performance_baseline.png
Model saved to out/cnn/baseline/model.pth

Validation set: Average loss: 1.6043, Accuracy: 4151/10000 (42%)


Validation set: Average loss: 1.5050, Accuracy: 4518/10000 (45%)

性能图表已保存至: fig/cnn/baseline/performance_baseline.png
Model saved to out/cnn/baseline/model.pth
性能图表已保存至: fig/cnn/baseline/performance_baseline.png
Model saved to out/cnn/baseline/model.pth

Validation set: Average loss: 1.5398, Accuracy: 4338/10000 (43%)

性能图表已保存至: fig/cnn/baseline/performance_baseline.png
Model saved to out/cnn/baseline/model.pth

Validation set: Average loss: 1.4998, Accuracy: 4533/10000 (45%)

性能图表已保存至: fig/cnn/baseline/performance_baseline.png
Model saved to out/cnn/baseline/model.pth

Validation set: Average loss: 1.5537, Accuracy: 4321/10000 (43%)

性能图表已保存至: fig/cnn/baseline/performance_baseline.png
Model saved to out/cnn/baseline/model.pth
