Running Experiment: dcgan
Using device: cuda
Running Experiment: dcgan
Using device: cuda
Running Experiment: dcgan
Using device: cuda
Running Experiment: dcgan
Using device: cuda
Running Experiment: dcgan
Using device: cuda
Running Experiment: dcgan
Using device: cuda
Running Experiment: dcgan
Using device: cuda
Using 7 GPUs!
Using 7 GPUs!
Using 7 GPUs!
Starting Training Loop...
Using 7 GPUs!
Using 7 GPUs!
Using 7 GPUs!
Starting Training Loop...
Using 7 GPUs!
Starting Training Loop...
Starting Training Loop...
Starting Training Loop...
Starting Training Loop...
Starting Training Loop...
[Epoch 0/25] [Batch 0/235] [D loss: 0.8221] [G loss: 0.7905]
[Epoch 0/25] [Batch 0/235] [D loss: 0.9250] [G loss: 0.4242]
[Epoch 0/25] [Batch 0/235] [D loss: 0.6551] [G loss: 0.8633]
[Epoch 0/25] [Batch 0/235] [D loss: 0.6217] [G loss: 1.0115]
[Epoch 0/25] [Batch 0/235] [D loss: 0.7771] [G loss: 0.6854]
[Epoch 0/25] [Batch 0/235] [D loss: 0.7283] [G loss: 0.5426]
[Epoch 0/25] [Batch 0/235] [D loss: 0.8686] [G loss: 0.4486]
[Epoch 0/25] [Batch 100/235] [D loss: 0.1139] [G loss: 2.7413]
[Epoch 0/25] [Batch 100/235] [D loss: 0.0681] [G loss: 2.8380]
[Epoch 0/25] [Batch 100/235] [D loss: 0.3675] [G loss: 0.8068]
[Epoch 0/25] [Batch 100/235] [D loss: 0.2080] [G loss: 1.6306]
[Epoch 0/25] [Batch 100/235] [D loss: 0.1460] [G loss: 2.0207]
[Epoch 0/25] [Batch 100/235] [D loss: 0.1290] [G loss: 2.4141]
[Epoch 0/25] [Batch 100/235] [D loss: 0.0748] [G loss: 2.6632]
[Epoch 0/25] [Batch 200/235] [D loss: 0.1449] [G loss: 2.3613]
[Epoch 0/25] [Batch 200/235] [D loss: 0.1637] [G loss: 1.8143]
[Epoch 0/25] [Batch 200/235] [D loss: 0.1240] [G loss: 4.4633]
[Epoch 0/25] [Batch 200/235] [D loss: 0.8766] [G loss: 0.3059]
[Epoch 0/25] [Batch 200/235] [D loss: 0.2101] [G loss: 1.8818]
[Epoch 0/25] [Batch 200/235] [D loss: 0.1109] [G loss: 2.9763]
[Epoch 0/25] [Batch 200/235] [D loss: 0.2144] [G loss: 2.0100]
[Epoch 1/25] [Batch 0/235] [D loss: 0.8551] [G loss: 0.3245]
[Epoch 1/25] [Batch 0/235] [D loss: 0.1347] [G loss: 4.1675]
[Epoch 1/25] [Batch 0/235] [D loss: 0.1991] [G loss: 1.4454]
[Epoch 1/25] [Batch 0/235] [D loss: 0.1415] [G loss: 2.1173]
[Epoch 1/25] [Batch 0/235] [D loss: 0.3332] [G loss: 1.1096]
[Epoch 1/25] [Batch 0/235] [D loss: 0.2512] [G loss: 1.3720]
[Epoch 1/25] [Batch 0/235] [D loss: 0.2984] [G loss: 1.2663]
[Epoch 1/25] [Batch 100/235] [D loss: 0.1978] [G loss: 2.9680]
[Epoch 1/25] [Batch 100/235] [D loss: 0.2697] [G loss: 1.6055]
[Epoch 1/25] [Batch 100/235] [D loss: 0.1581] [G loss: 2.1461]
[Epoch 1/25] [Batch 100/235] [D loss: 0.2681] [G loss: 1.4744]
[Epoch 1/25] [Batch 100/235] [D loss: 0.2473] [G loss: 1.8330]
[Epoch 1/25] [Batch 100/235] [D loss: 0.1537] [G loss: 2.0775]
[Epoch 1/25] [Batch 100/235] [D loss: 0.3318] [G loss: 2.8908]
[Epoch 1/25] [Batch 200/235] [D loss: 0.2448] [G loss: 1.9652]
[Epoch 1/25] [Batch 200/235] [D loss: 0.3549] [G loss: 3.0746]
[Epoch 1/25] [Batch 200/235] [D loss: 0.3624] [G loss: 3.1334]
[Epoch 1/25] [Batch 200/235] [D loss: 0.1672] [G loss: 2.0380]
[Epoch 1/25] [Batch 200/235] [D loss: 0.4760] [G loss: 3.6219]
[Epoch 1/25] [Batch 200/235] [D loss: 0.5159] [G loss: 3.9415]
[Epoch 1/25] [Batch 200/235] [D loss: 0.2526] [G loss: 1.5219]
[Epoch 2/25] [Batch 0/235] [D loss: 0.2758] [G loss: 2.3056]
[Epoch 2/25] [Batch 0/235] [D loss: 0.3765] [G loss: 0.9549]
[Epoch 2/25] [Batch 0/235] [D loss: 0.2413] [G loss: 1.9232]
[Epoch 2/25] [Batch 0/235] [D loss: 0.2062] [G loss: 2.6544]
[Epoch 2/25] [Batch 0/235] [D loss: 0.1750] [G loss: 2.4392]
[Epoch 2/25] [Batch 0/235] [D loss: 0.2788] [G loss: 1.2701]
[Epoch 2/25] [Batch 0/235] [D loss: 0.3273] [G loss: 1.0768]
[Epoch 2/25] [Batch 100/235] [D loss: 0.2150] [G loss: 1.6620]
[Epoch 2/25] [Batch 100/235] [D loss: 0.2865] [G loss: 1.2047]
[Epoch 2/25] [Batch 100/235] [D loss: 0.3068] [G loss: 1.1351]
[Epoch 2/25] [Batch 100/235] [D loss: 0.3284] [G loss: 1.1125]
[Epoch 2/25] [Batch 100/235] [D loss: 0.3027] [G loss: 2.1927]
[Epoch 2/25] [Batch 100/235] [D loss: 0.2589] [G loss: 2.0886]
[Epoch 2/25] [Batch 100/235] [D loss: 0.3239] [G loss: 3.0566]
[Epoch 2/25] [Batch 200/235] [D loss: 0.2634] [G loss: 1.6602]
[Epoch 2/25] [Batch 200/235] [D loss: 0.2695] [G loss: 1.9601]
[Epoch 2/25] [Batch 200/235] [D loss: 0.8025] [G loss: 0.3017]
[Epoch 2/25] [Batch 200/235] [D loss: 0.4430] [G loss: 0.7325]
[Epoch 2/25] [Batch 200/235] [D loss: 0.3075] [G loss: 1.5203]
[Epoch 2/25] [Batch 200/235] [D loss: 0.2673] [G loss: 1.8845]
[Epoch 2/25] [Batch 200/235] [D loss: 0.4512] [G loss: 0.7208]
[Epoch 3/25] [Batch 0/235] [D loss: 0.4357] [G loss: 2.8348]
[Epoch 3/25] [Batch 0/235] [D loss: 0.3694] [G loss: 1.0049]
[Epoch 3/25] [Batch 0/235] [D loss: 0.3700] [G loss: 0.9442]
[Epoch 3/25] [Batch 0/235] [D loss: 0.3390] [G loss: 2.2459]
[Epoch 3/25] [Batch 0/235] [D loss: 0.4828] [G loss: 0.6588]
[Epoch 3/25] [Batch 0/235] [D loss: 0.3434] [G loss: 2.0084]
[Epoch 3/25] [Batch 0/235] [D loss: 0.4143] [G loss: 0.8048]
[Epoch 3/25] [Batch 100/235] [D loss: 0.7518] [G loss: 3.9757]
[Epoch 3/25] [Batch 100/235] [D loss: 0.4471] [G loss: 3.1909]
[Epoch 3/25] [Batch 100/235] [D loss: 0.3149] [G loss: 2.4130]
[Epoch 3/25] [Batch 100/235] [D loss: 0.3249] [G loss: 1.8008]
[Epoch 3/25] [Batch 100/235] [D loss: 0.3761] [G loss: 2.3595]
[Epoch 3/25] [Batch 100/235] [D loss: 0.5533] [G loss: 3.1565]
[Epoch 3/25] [Batch 100/235] [D loss: 0.3246] [G loss: 1.0888]
[Epoch 3/25] [Batch 200/235] [D loss: 0.3075] [G loss: 1.4440]
[Epoch 3/25] [Batch 200/235] [D loss: 0.3293] [G loss: 1.0062]
[Epoch 3/25] [Batch 200/235] [D loss: 0.2904] [G loss: 1.6941]
[Epoch 3/25] [Batch 200/235] [D loss: 0.5778] [G loss: 0.5091]
[Epoch 3/25] [Batch 200/235] [D loss: 0.3161] [G loss: 1.4642]
[Epoch 3/25] [Batch 200/235] [D loss: 0.4554] [G loss: 2.7959]
[Epoch 4/25] [Batch 0/235] [D loss: 0.3777] [G loss: 2.3966]
[Epoch 3/25] [Batch 200/235] [D loss: 0.4004] [G loss: 1.9629]
[Epoch 4/25] [Batch 0/235] [D loss: 0.3664] [G loss: 1.5407]
[Epoch 4/25] [Batch 0/235] [D loss: 0.4347] [G loss: 0.7589]
[Epoch 4/25] [Batch 0/235] [D loss: 0.4462] [G loss: 0.7503]
[Epoch 4/25] [Batch 0/235] [D loss: 0.4024] [G loss: 0.9158]
[Epoch 4/25] [Batch 0/235] [D loss: 0.2894] [G loss: 1.6088]
[Epoch 4/25] [Batch 0/235] [D loss: 0.3247] [G loss: 1.4952]
[Epoch 4/25] [Batch 100/235] [D loss: 0.3214] [G loss: 1.7711]
[Epoch 4/25] [Batch 100/235] [D loss: 0.2735] [G loss: 1.4615]
[Epoch 4/25] [Batch 100/235] [D loss: 0.2669] [G loss: 1.4040]
[Epoch 4/25] [Batch 100/235] [D loss: 0.3654] [G loss: 1.7342]
[Epoch 4/25] [Batch 100/235] [D loss: 0.5324] [G loss: 0.5390]
[Epoch 4/25] [Batch 100/235] [D loss: 0.3110] [G loss: 1.4541]
[Epoch 4/25] [Batch 100/235] [D loss: 0.3845] [G loss: 2.3533]
[Epoch 4/25] [Batch 200/235] [D loss: 0.3001] [G loss: 1.6336]
[Epoch 4/25] [Batch 200/235] [D loss: 0.4567] [G loss: 1.2406]
[Epoch 4/25] [Batch 200/235] [D loss: 0.4797] [G loss: 1.2385]
[Epoch 4/25] [Batch 200/235] [D loss: 0.8273] [G loss: 3.1508]
[Epoch 4/25] [Batch 200/235] [D loss: 1.5615] [G loss: 0.0598]
[Epoch 5/25] [Batch 0/235] [D loss: 0.3537] [G loss: 1.2699]
[Epoch 4/25] [Batch 200/235] [D loss: 0.3256] [G loss: 1.4677]
[Epoch 5/25] [Batch 0/235] [D loss: 0.3269] [G loss: 1.8998]
[Epoch 4/25] [Batch 200/235] [D loss: 0.3202] [G loss: 1.7357]
[Epoch 5/25] [Batch 0/235] [D loss: 0.4385] [G loss: 0.8067]
[Epoch 5/25] [Batch 0/235] [D loss: 0.3645] [G loss: 2.2305]
[Epoch 5/25] [Batch 0/235] [D loss: 0.2463] [G loss: 1.8292]
[Epoch 5/25] [Batch 0/235] [D loss: 0.2888] [G loss: 1.4534]
[Epoch 5/25] [Batch 0/235] [D loss: 0.3927] [G loss: 1.0565]
[Epoch 5/25] [Batch 100/235] [D loss: 0.2827] [G loss: 1.4638]
[Epoch 5/25] [Batch 100/235] [D loss: 0.4623] [G loss: 1.0701]
[Epoch 5/25] [Batch 100/235] [D loss: 0.3057] [G loss: 1.5279]
[Epoch 5/25] [Batch 100/235] [D loss: 0.3295] [G loss: 1.0808]
[Epoch 5/25] [Batch 100/235] [D loss: 0.4469] [G loss: 1.9131]
[Epoch 5/25] [Batch 100/235] [D loss: 0.4191] [G loss: 1.6294]
[Epoch 5/25] [Batch 100/235] [D loss: 0.3163] [G loss: 1.1289]
[Epoch 5/25] [Batch 200/235] [D loss: 0.2528] [G loss: 1.7799]
[Epoch 5/25] [Batch 200/235] [D loss: 0.5127] [G loss: 1.3344]
[Epoch 5/25] [Batch 200/235] [D loss: 1.0041] [G loss: 0.2043]
[Epoch 5/25] [Batch 200/235] [D loss: 1.1302] [G loss: 0.1529]
[Epoch 5/25] [Batch 200/235] [D loss: 0.6064] [G loss: 1.0747]
[Epoch 6/25] [Batch 0/235] [D loss: 0.3239] [G loss: 1.8483]
[Epoch 5/25] [Batch 200/235] [D loss: 0.2728] [G loss: 1.7078]
[Epoch 6/25] [Batch 0/235] [D loss: 0.6334] [G loss: 0.4230]
[Epoch 5/25] [Batch 200/235] [D loss: 0.5805] [G loss: 0.6376]
[Epoch 6/25] [Batch 0/235] [D loss: 0.3223] [G loss: 1.0779]
[Epoch 6/25] [Batch 0/235] [D loss: 0.3834] [G loss: 1.0013]
[Epoch 6/25] [Batch 0/235] [D loss: 0.4294] [G loss: 1.7089]
[Epoch 6/25] [Batch 0/235] [D loss: 0.3165] [G loss: 1.5156]
[Epoch 6/25] [Batch 0/235] [D loss: 0.3444] [G loss: 1.1484]
[Epoch 6/25] [Batch 100/235] [D loss: 0.2731] [G loss: 1.3950]
[Epoch 6/25] [Batch 100/235] [D loss: 0.5183] [G loss: 2.1178]
[Epoch 6/25] [Batch 100/235] [D loss: 0.2904] [G loss: 1.3375]
[Epoch 6/25] [Batch 100/235] [D loss: 0.3519] [G loss: 1.0500]
[Epoch 6/25] [Batch 100/235] [D loss: 0.4975] [G loss: 0.9886]
[Epoch 6/25] [Batch 100/235] [D loss: 0.3224] [G loss: 1.4718]
[Epoch 6/25] [Batch 100/235] [D loss: 0.4759] [G loss: 1.0027]
[Epoch 6/25] [Batch 200/235] [D loss: 1.4167] [G loss: 0.0887]
[Epoch 6/25] [Batch 200/235] [D loss: 0.3113] [G loss: 1.5882]
[Epoch 7/25] [Batch 0/235] [D loss: 0.3826] [G loss: 1.4578]
[Epoch 6/25] [Batch 200/235] [D loss: 0.3356] [G loss: 1.7342]
[Epoch 6/25] [Batch 200/235] [D loss: 0.3903] [G loss: 1.1208]
[Epoch 6/25] [Batch 200/235] [D loss: 0.3531] [G loss: 1.7625]
[Epoch 6/25] [Batch 200/235] [D loss: 0.3269] [G loss: 1.4004]
[Epoch 7/25] [Batch 0/235] [D loss: 0.4759] [G loss: 1.0593]
[Epoch 7/25] [Batch 0/235] [D loss: 0.3216] [G loss: 1.1349]
[Epoch 6/25] [Batch 200/235] [D loss: 0.5369] [G loss: 1.5343]
[Epoch 7/25] [Batch 0/235] [D loss: 0.3792] [G loss: 0.9611]
[Epoch 7/25] [Batch 0/235] [D loss: 0.5129] [G loss: 0.6920]
[Epoch 7/25] [Batch 0/235] [D loss: 0.5087] [G loss: 2.5556]
[Epoch 7/25] [Batch 0/235] [D loss: 0.3434] [G loss: 1.5468]
[Epoch 7/25] [Batch 100/235] [D loss: 0.6464] [G loss: 2.0962]
[Epoch 7/25] [Batch 100/235] [D loss: 0.4511] [G loss: 1.4347]
[Epoch 7/25] [Batch 100/235] [D loss: 0.4574] [G loss: 1.0748]
[Epoch 7/25] [Batch 100/235] [D loss: 0.3341] [G loss: 1.5561]
[Epoch 7/25] [Batch 100/235] [D loss: 0.3586] [G loss: 1.8958]
[Epoch 7/25] [Batch 100/235] [D loss: 0.5318] [G loss: 1.4025]
[Epoch 7/25] [Batch 100/235] [D loss: 0.3456] [G loss: 1.7559]
[Epoch 7/25] [Batch 200/235] [D loss: 0.3758] [G loss: 1.2965]
[Epoch 7/25] [Batch 200/235] [D loss: 0.3276] [G loss: 1.2684]
[Epoch 8/25] [Batch 0/235] [D loss: 0.4983] [G loss: 0.9748]
[Epoch 7/25] [Batch 200/235] [D loss: 0.3172] [G loss: 1.7505]
[Epoch 7/25] [Batch 200/235] [D loss: 0.4230] [G loss: 1.6392]
[Epoch 7/25] [Batch 200/235] [D loss: 0.5692] [G loss: 2.4426]
[Epoch 7/25] [Batch 200/235] [D loss: 0.5018] [G loss: 0.7687]
[Epoch 8/25] [Batch 0/235] [D loss: 0.4030] [G loss: 1.3017]
[Epoch 8/25] [Batch 0/235] [D loss: 0.8441] [G loss: 2.9855]
[Epoch 8/25] [Batch 0/235] [D loss: 0.3904] [G loss: 2.1340]
[Epoch 8/25] [Batch 0/235] [D loss: 0.4792] [G loss: 0.8254]
[Epoch 7/25] [Batch 200/235] [D loss: 0.3780] [G loss: 1.0120]
[Epoch 8/25] [Batch 0/235] [D loss: 0.4488] [G loss: 0.8116]
[Epoch 8/25] [Batch 0/235] [D loss: 0.5329] [G loss: 0.8360]
[Epoch 8/25] [Batch 100/235] [D loss: 0.3459] [G loss: 1.1581]
[Epoch 8/25] [Batch 100/235] [D loss: 0.3785] [G loss: 1.8464]
[Epoch 8/25] [Batch 100/235] [D loss: 0.3441] [G loss: 1.1980]
[Epoch 8/25] [Batch 100/235] [D loss: 0.3398] [G loss: 1.2960]
[Epoch 8/25] [Batch 100/235] [D loss: 0.6990] [G loss: 0.4270]
[Epoch 8/25] [Batch 100/235] [D loss: 0.3926] [G loss: 1.6424]
[Epoch 8/25] [Batch 100/235] [D loss: 0.4570] [G loss: 0.8681]
[Epoch 8/25] [Batch 200/235] [D loss: 0.5300] [G loss: 0.6238]
[Epoch 9/25] [Batch 0/235] [D loss: 0.3462] [G loss: 1.2239]
[Epoch 8/25] [Batch 200/235] [D loss: 0.4816] [G loss: 2.7225]
[Epoch 8/25] [Batch 200/235] [D loss: 0.4156] [G loss: 1.6885]
[Epoch 8/25] [Batch 200/235] [D loss: 0.3534] [G loss: 1.2869]
[Epoch 8/25] [Batch 200/235] [D loss: 0.4047] [G loss: 1.1489]
[Epoch 8/25] [Batch 200/235] [D loss: 0.5186] [G loss: 1.1741]
[Epoch 9/25] [Batch 0/235] [D loss: 0.3877] [G loss: 1.6817]
[Epoch 9/25] [Batch 0/235] [D loss: 0.4258] [G loss: 0.8544]
[Epoch 9/25] [Batch 0/235] [D loss: 0.3560] [G loss: 1.1865]
[Epoch 9/25] [Batch 0/235] [D loss: 0.4615] [G loss: 0.7031]
[Epoch 8/25] [Batch 200/235] [D loss: 0.4268] [G loss: 0.8378]
[Epoch 9/25] [Batch 0/235] [D loss: 0.3681] [G loss: 1.2824]
[Epoch 9/25] [Batch 0/235] [D loss: 0.4057] [G loss: 1.5688]
[Epoch 9/25] [Batch 100/235] [D loss: 0.4318] [G loss: 1.7444]
[Epoch 9/25] [Batch 100/235] [D loss: 0.5678] [G loss: 0.5434]
[Epoch 9/25] [Batch 100/235] [D loss: 0.3354] [G loss: 1.8051]
[Epoch 9/25] [Batch 100/235] [D loss: 0.4640] [G loss: 0.7510]
[Epoch 9/25] [Batch 100/235] [D loss: 0.4801] [G loss: 0.7036]
[Epoch 9/25] [Batch 100/235] [D loss: 0.3128] [G loss: 1.3937]
[Epoch 9/25] [Batch 100/235] [D loss: 0.3776] [G loss: 1.7455]
[Epoch 9/25] [Batch 200/235] [D loss: 0.4805] [G loss: 1.7658]
[Epoch 10/25] [Batch 0/235] [D loss: 0.4181] [G loss: 1.0270]
[Epoch 9/25] [Batch 200/235] [D loss: 0.5430] [G loss: 2.0804]
[Epoch 9/25] [Batch 200/235] [D loss: 0.4256] [G loss: 0.9070]
[Epoch 9/25] [Batch 200/235] [D loss: 0.3546] [G loss: 1.2504]
[Epoch 9/25] [Batch 200/235] [D loss: 0.4926] [G loss: 1.3700]
[Epoch 9/25] [Batch 200/235] [D loss: 0.3956] [G loss: 0.9142]
[Epoch 10/25] [Batch 0/235] [D loss: 0.3339] [G loss: 1.3984]
[Epoch 10/25] [Batch 0/235] [D loss: 0.5539] [G loss: 2.1641]
[Epoch 10/25] [Batch 0/235] [D loss: 0.3296] [G loss: 1.3278]
[Epoch 9/25] [Batch 200/235] [D loss: 0.3966] [G loss: 1.7342]
[Epoch 10/25] [Batch 0/235] [D loss: 0.4386] [G loss: 0.9112]
[Epoch 10/25] [Batch 0/235] [D loss: 0.3542] [G loss: 1.2987]
[Epoch 10/25] [Batch 0/235] [D loss: 0.3346] [G loss: 1.4833]
[Epoch 10/25] [Batch 100/235] [D loss: 0.3001] [G loss: 1.5199]
[Epoch 10/25] [Batch 100/235] [D loss: 0.4238] [G loss: 2.3341]
[Epoch 10/25] [Batch 100/235] [D loss: 0.4214] [G loss: 1.2907]
[Epoch 10/25] [Batch 100/235] [D loss: 0.4528] [G loss: 3.1032]
[Epoch 10/25] [Batch 100/235] [D loss: 0.3655] [G loss: 1.9033]
[Epoch 10/25] [Batch 100/235] [D loss: 0.3622] [G loss: 1.8284]
[Epoch 10/25] [Batch 100/235] [D loss: 0.4246] [G loss: 1.2865]
[Epoch 10/25] [Batch 200/235] [D loss: 0.3650] [G loss: 1.3571]
[Epoch 11/25] [Batch 0/235] [D loss: 0.3929] [G loss: 1.3483]
[Epoch 10/25] [Batch 200/235] [D loss: 0.4938] [G loss: 2.5206]
[Epoch 10/25] [Batch 200/235] [D loss: 0.5323] [G loss: 2.0020]
[Epoch 10/25] [Batch 200/235] [D loss: 0.2904] [G loss: 1.5150]
[Epoch 10/25] [Batch 200/235] [D loss: 0.4155] [G loss: 1.3014]
[Epoch 11/25] [Batch 0/235] [D loss: 0.2953] [G loss: 1.7489]
[Epoch 10/25] [Batch 200/235] [D loss: 0.3332] [G loss: 1.8163]
[Epoch 11/25] [Batch 0/235] [D loss: 0.3720] [G loss: 1.2038]
[Epoch 11/25] [Batch 0/235] [D loss: 0.3321] [G loss: 1.5393]
[Epoch 11/25] [Batch 0/235] [D loss: 0.3430] [G loss: 1.7044]
[Epoch 10/25] [Batch 200/235] [D loss: 0.5589] [G loss: 2.6448]
[Epoch 11/25] [Batch 0/235] [D loss: 0.3551] [G loss: 1.6970]
[Epoch 11/25] [Batch 100/235] [D loss: 0.3202] [G loss: 1.2462]
[Epoch 11/25] [Batch 0/235] [D loss: 0.8086] [G loss: 0.3772]
[Epoch 11/25] [Batch 100/235] [D loss: 0.3998] [G loss: 2.3765]
[Epoch 11/25] [Batch 100/235] [D loss: 0.4986] [G loss: 1.2511]
[Epoch 11/25] [Batch 100/235] [D loss: 0.4289] [G loss: 2.4127]
[Epoch 11/25] [Batch 100/235] [D loss: 0.3333] [G loss: 1.5235]
[Epoch 11/25] [Batch 100/235] [D loss: 0.6204] [G loss: 0.5790]
[Epoch 11/25] [Batch 200/235] [D loss: 0.4421] [G loss: 1.0594]
[Epoch 11/25] [Batch 100/235] [D loss: 0.4386] [G loss: 1.1961]
[Epoch 12/25] [Batch 0/235] [D loss: 0.3885] [G loss: 1.6212]
[Epoch 11/25] [Batch 200/235] [D loss: 0.3460] [G loss: 1.1649]
[Epoch 11/25] [Batch 200/235] [D loss: 0.5370] [G loss: 0.6441]
[Epoch 11/25] [Batch 200/235] [D loss: 0.3530] [G loss: 1.3204]
[Epoch 11/25] [Batch 200/235] [D loss: 0.4806] [G loss: 1.0395]
[Epoch 12/25] [Batch 0/235] [D loss: 0.3863] [G loss: 1.0059]
[Epoch 12/25] [Batch 0/235] [D loss: 0.4897] [G loss: 2.1970]
[Epoch 11/25] [Batch 200/235] [D loss: 0.4158] [G loss: 1.1783]
[Epoch 12/25] [Batch 0/235] [D loss: 0.3673] [G loss: 1.7539]
[Epoch 12/25] [Batch 0/235] [D loss: 0.3995] [G loss: 1.1801]
[Epoch 11/25] [Batch 200/235] [D loss: 0.3880] [G loss: 1.3822]
[Epoch 12/25] [Batch 0/235] [D loss: 0.4874] [G loss: 0.9059]
[Epoch 12/25] [Batch 100/235] [D loss: 0.5600] [G loss: 0.5821]
[Epoch 12/25] [Batch 0/235] [D loss: 0.4919] [G loss: 0.8125]
[Epoch 12/25] [Batch 100/235] [D loss: 0.3113] [G loss: 1.9864]
[Epoch 12/25] [Batch 100/235] [D loss: 0.3339] [G loss: 1.3119]
[Epoch 12/25] [Batch 100/235] [D loss: 0.3257] [G loss: 1.8251]
[Epoch 12/25] [Batch 100/235] [D loss: 0.4878] [G loss: 0.7212]
[Epoch 12/25] [Batch 100/235] [D loss: 0.4323] [G loss: 0.8397]
[Epoch 12/25] [Batch 200/235] [D loss: 0.4223] [G loss: 1.0524]
[Epoch 12/25] [Batch 100/235] [D loss: 0.4402] [G loss: 1.8286]
[Epoch 13/25] [Batch 0/235] [D loss: 0.4431] [G loss: 0.9627]
[Epoch 12/25] [Batch 200/235] [D loss: 0.4768] [G loss: 0.7022]
[Epoch 12/25] [Batch 200/235] [D loss: 0.4529] [G loss: 1.6094]
[Epoch 12/25] [Batch 200/235] [D loss: 0.3913] [G loss: 2.0895]
[Epoch 12/25] [Batch 200/235] [D loss: 0.4146] [G loss: 1.9330]
[Epoch 13/25] [Batch 0/235] [D loss: 0.3556] [G loss: 1.1917]
[Epoch 13/25] [Batch 0/235] [D loss: 0.3630] [G loss: 1.3082]
[Epoch 13/25] [Batch 0/235] [D loss: 0.3100] [G loss: 1.9353]
[Epoch 12/25] [Batch 200/235] [D loss: 0.5436] [G loss: 0.5735]
[Epoch 13/25] [Batch 0/235] [D loss: 0.5008] [G loss: 0.6822]
[Epoch 12/25] [Batch 200/235] [D loss: 0.3576] [G loss: 1.5093]
[Epoch 13/25] [Batch 0/235] [D loss: 0.4954] [G loss: 0.9217]
[Epoch 13/25] [Batch 100/235] [D loss: 0.3437] [G loss: 1.6936]
[Epoch 13/25] [Batch 0/235] [D loss: 0.7289] [G loss: 3.2239]
[Epoch 13/25] [Batch 100/235] [D loss: 0.3758] [G loss: 1.9620]
[Epoch 13/25] [Batch 100/235] [D loss: 0.3897] [G loss: 1.0139]
[Epoch 13/25] [Batch 100/235] [D loss: 0.4292] [G loss: 0.9904]
[Epoch 13/25] [Batch 100/235] [D loss: 0.3733] [G loss: 1.2796]
[Epoch 13/25] [Batch 200/235] [D loss: 0.4181] [G loss: 0.9611]
[Epoch 13/25] [Batch 100/235] [D loss: 0.5318] [G loss: 0.8267]
[Epoch 13/25] [Batch 100/235] [D loss: 0.3931] [G loss: 1.0456]
[Epoch 14/25] [Batch 0/235] [D loss: 0.4105] [G loss: 2.2357]
[Epoch 13/25] [Batch 200/235] [D loss: 0.3612] [G loss: 1.7831]
[Epoch 13/25] [Batch 200/235] [D loss: 0.3588] [G loss: 1.9864]
[Epoch 13/25] [Batch 200/235] [D loss: 0.3272] [G loss: 2.0540]
[Epoch 13/25] [Batch 200/235] [D loss: 0.3835] [G loss: 1.3412]
[Epoch 14/25] [Batch 0/235] [D loss: 0.4504] [G loss: 0.8654]
[Epoch 14/25] [Batch 0/235] [D loss: 0.2934] [G loss: 1.3791]
[Epoch 14/25] [Batch 0/235] [D loss: 0.4901] [G loss: 0.9161]
[Epoch 13/25] [Batch 200/235] [D loss: 0.3706] [G loss: 1.2664]
[Epoch 14/25] [Batch 0/235] [D loss: 0.4228] [G loss: 1.9294]
[Epoch 13/25] [Batch 200/235] [D loss: 0.3852] [G loss: 1.6829]
[Epoch 14/25] [Batch 100/235] [D loss: 0.3873] [G loss: 1.5761]
[Epoch 14/25] [Batch 0/235] [D loss: 0.3556] [G loss: 1.1750]
[Epoch 14/25] [Batch 0/235] [D loss: 0.3755] [G loss: 1.3544]
[Epoch 14/25] [Batch 100/235] [D loss: 0.3211] [G loss: 2.0446]
[Epoch 14/25] [Batch 100/235] [D loss: 0.4337] [G loss: 1.9112]
[Epoch 14/25] [Batch 100/235] [D loss: 0.3796] [G loss: 1.5260]
[Epoch 14/25] [Batch 100/235] [D loss: 0.3953] [G loss: 1.0524]
[Epoch 14/25] [Batch 200/235] [D loss: 0.3606] [G loss: 1.7401]
[Epoch 14/25] [Batch 100/235] [D loss: 0.4715] [G loss: 2.7425]
[Epoch 14/25] [Batch 100/235] [D loss: 0.4199] [G loss: 1.0872]
[Epoch 15/25] [Batch 0/235] [D loss: 0.3143] [G loss: 1.9721]
[Epoch 14/25] [Batch 200/235] [D loss: 0.4596] [G loss: 0.8882]
[Epoch 14/25] [Batch 200/235] [D loss: 0.6912] [G loss: 3.5905]
[Epoch 14/25] [Batch 200/235] [D loss: 0.4873] [G loss: 0.7578]
[Epoch 14/25] [Batch 200/235] [D loss: 0.4291] [G loss: 0.8555]
[Epoch 15/25] [Batch 0/235] [D loss: 0.3376] [G loss: 1.1842]
[Epoch 15/25] [Batch 0/235] [D loss: 0.4118] [G loss: 0.9449]
[Epoch 15/25] [Batch 0/235] [D loss: 0.4104] [G loss: 0.9049]
[Epoch 14/25] [Batch 200/235] [D loss: 0.3455] [G loss: 1.3516]
[Epoch 15/25] [Batch 0/235] [D loss: 0.4114] [G loss: 1.3975]
[Epoch 15/25] [Batch 100/235] [D loss: 0.4091] [G loss: 1.1393]
[Epoch 14/25] [Batch 200/235] [D loss: 0.3724] [G loss: 1.1589]
[Epoch 15/25] [Batch 0/235] [D loss: 0.4695] [G loss: 1.9683]
[Epoch 15/25] [Batch 0/235] [D loss: 0.3913] [G loss: 1.5016]
[Epoch 15/25] [Batch 100/235] [D loss: 0.3966] [G loss: 2.0370]
[Epoch 15/25] [Batch 100/235] [D loss: 0.4668] [G loss: 2.2346]
[Epoch 15/25] [Batch 100/235] [D loss: 0.3533] [G loss: 1.7941]
[Epoch 15/25] [Batch 100/235] [D loss: 0.3923] [G loss: 1.1905]
[Epoch 15/25] [Batch 200/235] [D loss: 0.4151] [G loss: 1.2083]
[Epoch 15/25] [Batch 100/235] [D loss: 0.5079] [G loss: 0.8858]
[Epoch 16/25] [Batch 0/235] [D loss: 0.4700] [G loss: 1.5178]
[Epoch 15/25] [Batch 100/235] [D loss: 0.5085] [G loss: 1.4485]
[Epoch 15/25] [Batch 200/235] [D loss: 0.4236] [G loss: 1.8875]
[Epoch 15/25] [Batch 200/235] [D loss: 0.4773] [G loss: 1.1617]
[Epoch 15/25] [Batch 200/235] [D loss: 0.3450] [G loss: 1.1143]
[Epoch 15/25] [Batch 200/235] [D loss: 0.3566] [G loss: 1.6596]
[Epoch 16/25] [Batch 0/235] [D loss: 0.4179] [G loss: 1.0105]
[Epoch 16/25] [Batch 0/235] [D loss: 0.7612] [G loss: 0.3752]
[Epoch 16/25] [Batch 0/235] [D loss: 0.3310] [G loss: 1.3073]
[Epoch 15/25] [Batch 200/235] [D loss: 0.7117] [G loss: 2.8908]
[Epoch 16/25] [Batch 0/235] [D loss: 0.3806] [G loss: 1.7623]
[Epoch 16/25] [Batch 100/235] [D loss: 0.3547] [G loss: 1.6254]
[Epoch 15/25] [Batch 200/235] [D loss: 0.3767] [G loss: 1.6025]
[Epoch 16/25] [Batch 0/235] [D loss: 0.3430] [G loss: 1.6077]
[Epoch 16/25] [Batch 0/235] [D loss: 0.5258] [G loss: 0.7901]
[Epoch 16/25] [Batch 100/235] [D loss: 0.6244] [G loss: 3.1640]
[Epoch 16/25] [Batch 100/235] [D loss: 0.3840] [G loss: 1.4314]
[Epoch 16/25] [Batch 100/235] [D loss: 0.3336] [G loss: 1.6044]
[Epoch 16/25] [Batch 200/235] [D loss: 0.3536] [G loss: 1.4778]
[Epoch 16/25] [Batch 100/235] [D loss: 0.4366] [G loss: 1.5037]
[Epoch 16/25] [Batch 100/235] [D loss: 0.3547] [G loss: 1.7766]
[Epoch 17/25] [Batch 0/235] [D loss: 0.7884] [G loss: 0.3520]
[Epoch 16/25] [Batch 100/235] [D loss: 0.4250] [G loss: 0.8338]
[Epoch 16/25] [Batch 200/235] [D loss: 0.4411] [G loss: 1.2266]
[Epoch 16/25] [Batch 200/235] [D loss: 0.3302] [G loss: 1.3199]
[Epoch 16/25] [Batch 200/235] [D loss: 0.3842] [G loss: 1.6338]
[Epoch 16/25] [Batch 200/235] [D loss: 0.4511] [G loss: 1.8999]
[Epoch 17/25] [Batch 0/235] [D loss: 0.3855] [G loss: 0.9586]
[Epoch 17/25] [Batch 0/235] [D loss: 0.3740] [G loss: 1.0744]
[Epoch 17/25] [Batch 0/235] [D loss: 0.3498] [G loss: 1.1675]
[Epoch 16/25] [Batch 200/235] [D loss: 0.3348] [G loss: 1.7835]
[Epoch 17/25] [Batch 100/235] [D loss: 0.5116] [G loss: 2.9892]
[Epoch 17/25] [Batch 0/235] [D loss: 0.4883] [G loss: 0.7566]
[Epoch 16/25] [Batch 200/235] [D loss: 0.4193] [G loss: 1.8264]
[Epoch 17/25] [Batch 0/235] [D loss: 0.5098] [G loss: 0.6603]
[Epoch 17/25] [Batch 0/235] [D loss: 0.4338] [G loss: 1.1799]
[Epoch 17/25] [Batch 100/235] [D loss: 0.3584] [G loss: 1.2155]
[Epoch 17/25] [Batch 100/235] [D loss: 0.3592] [G loss: 1.5025]
[Epoch 17/25] [Batch 100/235] [D loss: 0.3155] [G loss: 1.6773]
[Epoch 17/25] [Batch 200/235] [D loss: 0.3922] [G loss: 1.3855]
[Epoch 17/25] [Batch 100/235] [D loss: 0.3699] [G loss: 1.4525]
[Epoch 17/25] [Batch 100/235] [D loss: 0.3686] [G loss: 2.0804]
[Epoch 18/25] [Batch 0/235] [D loss: 0.6924] [G loss: 2.9934]
[Epoch 17/25] [Batch 100/235] [D loss: 0.3823] [G loss: 1.2911]
[Epoch 17/25] [Batch 200/235] [D loss: 0.4514] [G loss: 0.9295]
[Epoch 17/25] [Batch 200/235] [D loss: 0.3112] [G loss: 1.6333]
[Epoch 17/25] [Batch 200/235] [D loss: 0.3758] [G loss: 1.0974]
[Epoch 18/25] [Batch 0/235] [D loss: 0.4507] [G loss: 1.2043]
[Epoch 17/25] [Batch 200/235] [D loss: 0.3854] [G loss: 1.2342]
[Epoch 18/25] [Batch 0/235] [D loss: 0.4451] [G loss: 1.3257]
[Epoch 18/25] [Batch 0/235] [D loss: 0.4449] [G loss: 0.8828]
[Epoch 17/25] [Batch 200/235] [D loss: 0.4105] [G loss: 1.7803]
[Epoch 18/25] [Batch 100/235] [D loss: 1.4344] [G loss: 0.0976]
[Epoch 18/25] [Batch 0/235] [D loss: 0.3754] [G loss: 1.2920]
[Epoch 17/25] [Batch 200/235] [D loss: 0.6243] [G loss: 0.5217]
[Epoch 18/25] [Batch 0/235] [D loss: 0.3544] [G loss: 1.1669]
[Epoch 18/25] [Batch 0/235] [D loss: 0.5288] [G loss: 0.7360]
[Epoch 18/25] [Batch 100/235] [D loss: 0.6144] [G loss: 3.0997]
[Epoch 18/25] [Batch 100/235] [D loss: 0.4447] [G loss: 0.9598]
[Epoch 18/25] [Batch 100/235] [D loss: 0.3712] [G loss: 1.2083]
[Epoch 18/25] [Batch 200/235] [D loss: 0.3518] [G loss: 1.9785]
[Epoch 18/25] [Batch 100/235] [D loss: 0.4300] [G loss: 0.9421]
[Epoch 18/25] [Batch 100/235] [D loss: 0.4390] [G loss: 1.0363]
[Epoch 19/25] [Batch 0/235] [D loss: 0.3516] [G loss: 1.6365]
[Epoch 18/25] [Batch 100/235] [D loss: 0.3621] [G loss: 1.3735]
[Epoch 18/25] [Batch 200/235] [D loss: 0.4042] [G loss: 0.9960]
[Epoch 18/25] [Batch 200/235] [D loss: 0.4140] [G loss: 1.5847]
[Epoch 18/25] [Batch 200/235] [D loss: 0.4256] [G loss: 1.4298]
[Epoch 19/25] [Batch 0/235] [D loss: 0.3471] [G loss: 1.0396]
[Epoch 18/25] [Batch 200/235] [D loss: 0.5179] [G loss: 0.6621]
[Epoch 19/25] [Batch 0/235] [D loss: 0.6782] [G loss: 0.5116]
[Epoch 19/25] [Batch 0/235] [D loss: 0.4400] [G loss: 0.8830]
[Epoch 19/25] [Batch 100/235] [D loss: 0.6815] [G loss: 2.5489]
[Epoch 18/25] [Batch 200/235] [D loss: 0.3816] [G loss: 1.3034]
[Epoch 19/25] [Batch 0/235] [D loss: 0.4378] [G loss: 1.6201]
[Epoch 19/25] [Batch 0/235] [D loss: 0.7149] [G loss: 3.2236]
[Epoch 18/25] [Batch 200/235] [D loss: 0.6272] [G loss: 1.7909]
[Epoch 19/25] [Batch 0/235] [D loss: 0.3859] [G loss: 1.2890]
[Epoch 19/25] [Batch 100/235] [D loss: 0.3115] [G loss: 1.5414]
[Epoch 19/25] [Batch 100/235] [D loss: 0.3503] [G loss: 1.7477]
[Epoch 19/25] [Batch 100/235] [D loss: 0.3675] [G loss: 1.2870]
[Epoch 19/25] [Batch 200/235] [D loss: 0.4092] [G loss: 1.2764]
[Epoch 19/25] [Batch 100/235] [D loss: 0.3896] [G loss: 1.0800]
[Epoch 20/25] [Batch 0/235] [D loss: 0.4911] [G loss: 0.9937]
[Epoch 19/25] [Batch 100/235] [D loss: 0.3608] [G loss: 1.2647]
[Epoch 19/25] [Batch 200/235] [D loss: 0.3753] [G loss: 2.6780]
[Epoch 19/25] [Batch 100/235] [D loss: 0.5973] [G loss: 0.7849]
[Epoch 19/25] [Batch 200/235] [D loss: 0.6323] [G loss: 0.5802]
[Epoch 19/25] [Batch 200/235] [D loss: 0.4322] [G loss: 1.1275]
[Epoch 20/25] [Batch 0/235] [D loss: 0.4183] [G loss: 1.9549]
[Epoch 19/25] [Batch 200/235] [D loss: 0.3853] [G loss: 1.4004]
[Epoch 20/25] [Batch 0/235] [D loss: 0.3100] [G loss: 1.5573]
[Epoch 20/25] [Batch 0/235] [D loss: 0.3787] [G loss: 1.1313]
[Epoch 20/25] [Batch 100/235] [D loss: 0.3644] [G loss: 2.2256]
[Epoch 19/25] [Batch 200/235] [D loss: 0.3424] [G loss: 1.3477]
[Epoch 20/25] [Batch 0/235] [D loss: 0.4082] [G loss: 1.8397]
[Epoch 20/25] [Batch 0/235] [D loss: 0.5284] [G loss: 2.7166]
[Epoch 19/25] [Batch 200/235] [D loss: 0.4736] [G loss: 1.6119]
[Epoch 20/25] [Batch 100/235] [D loss: 0.3395] [G loss: 1.9604]
[Epoch 20/25] [Batch 0/235] [D loss: 0.4139] [G loss: 1.7345]
[Epoch 20/25] [Batch 100/235] [D loss: 0.6431] [G loss: 0.4912]
[Epoch 20/25] [Batch 200/235] [D loss: 0.3892] [G loss: 1.1256]
[Epoch 20/25] [Batch 100/235] [D loss: 0.6049] [G loss: 3.1004]
[Epoch 20/25] [Batch 100/235] [D loss: 0.4218] [G loss: 1.5259]
[Epoch 21/25] [Batch 0/235] [D loss: 0.4100] [G loss: 0.9231]
[Epoch 20/25] [Batch 100/235] [D loss: 0.3292] [G loss: 1.8013]
[Epoch 20/25] [Batch 200/235] [D loss: 0.4013] [G loss: 1.1639]
[Epoch 20/25] [Batch 100/235] [D loss: 0.3802] [G loss: 1.6374]
[Epoch 20/25] [Batch 200/235] [D loss: 0.3565] [G loss: 1.1380]
[Epoch 20/25] [Batch 200/235] [D loss: 0.2794] [G loss: 1.9223]
[Epoch 21/25] [Batch 0/235] [D loss: 0.3675] [G loss: 2.2744]
[Epoch 20/25] [Batch 200/235] [D loss: 0.3944] [G loss: 1.4452]
[Epoch 21/25] [Batch 100/235] [D loss: 0.3754] [G loss: 1.5976]
[Epoch 21/25] [Batch 0/235] [D loss: 0.4256] [G loss: 2.1981]
[Epoch 21/25] [Batch 0/235] [D loss: 0.3324] [G loss: 1.1786]
[Epoch 20/25] [Batch 200/235] [D loss: 0.3766] [G loss: 1.1087]
[Epoch 21/25] [Batch 0/235] [D loss: 0.4804] [G loss: 1.7253]
[Epoch 21/25] [Batch 0/235] [D loss: 0.3099] [G loss: 1.5809]
[Epoch 20/25] [Batch 200/235] [D loss: 0.3500] [G loss: 1.3840]
[Epoch 21/25] [Batch 100/235] [D loss: 0.5649] [G loss: 2.8988]
[Epoch 21/25] [Batch 0/235] [D loss: 0.3982] [G loss: 2.2729]
[Epoch 21/25] [Batch 200/235] [D loss: 0.3846] [G loss: 1.1887]
[Epoch 21/25] [Batch 100/235] [D loss: 0.4398] [G loss: 1.1196]
[Epoch 21/25] [Batch 100/235] [D loss: 0.3554] [G loss: 1.4294]
[Epoch 21/25] [Batch 100/235] [D loss: 0.4515] [G loss: 1.3697]
[Epoch 22/25] [Batch 0/235] [D loss: 0.3167] [G loss: 1.3680]
[Epoch 21/25] [Batch 100/235] [D loss: 0.3118] [G loss: 1.7862]
[Epoch 21/25] [Batch 200/235] [D loss: 0.4472] [G loss: 0.8384]
[Epoch 21/25] [Batch 100/235] [D loss: 0.3280] [G loss: 1.4032]
[Epoch 21/25] [Batch 200/235] [D loss: 0.3718] [G loss: 1.8875]
[Epoch 21/25] [Batch 200/235] [D loss: 0.4045] [G loss: 1.5372]
[Epoch 22/25] [Batch 0/235] [D loss: 0.5629] [G loss: 0.6078]
[Epoch 21/25] [Batch 200/235] [D loss: 0.7727] [G loss: 3.1512]
[Epoch 22/25] [Batch 100/235] [D loss: 0.4362] [G loss: 0.8021]
[Epoch 22/25] [Batch 0/235] [D loss: 0.3605] [G loss: 1.2143]
[Epoch 22/25] [Batch 0/235] [D loss: 0.4154] [G loss: 1.6175]
[Epoch 21/25] [Batch 200/235] [D loss: 0.4540] [G loss: 0.8648]
[Epoch 22/25] [Batch 0/235] [D loss: 0.3595] [G loss: 1.3717]
[Epoch 22/25] [Batch 0/235] [D loss: 0.4114] [G loss: 1.1015]
[Epoch 21/25] [Batch 200/235] [D loss: 0.4600] [G loss: 2.0411]
[Epoch 22/25] [Batch 100/235] [D loss: 0.3154] [G loss: 1.8840]
[Epoch 22/25] [Batch 200/235] [D loss: 0.3971] [G loss: 1.5715]
[Epoch 22/25] [Batch 0/235] [D loss: 0.4088] [G loss: 0.9754]
[Epoch 22/25] [Batch 100/235] [D loss: 0.2869] [G loss: 2.2908]
[Epoch 22/25] [Batch 100/235] [D loss: 0.4330] [G loss: 1.1686]
[Epoch 23/25] [Batch 0/235] [D loss: 0.3845] [G loss: 2.0948]
[Epoch 22/25] [Batch 100/235] [D loss: 0.4171] [G loss: 1.8297]
[Epoch 22/25] [Batch 100/235] [D loss: 0.3594] [G loss: 1.5750]
[Epoch 22/25] [Batch 200/235] [D loss: 0.4155] [G loss: 0.9079]
[Epoch 22/25] [Batch 100/235] [D loss: 0.3353] [G loss: 1.5633]
[Epoch 22/25] [Batch 200/235] [D loss: 0.3715] [G loss: 1.1174]
[Epoch 22/25] [Batch 200/235] [D loss: 0.3535] [G loss: 1.9587]
[Epoch 23/25] [Batch 0/235] [D loss: 0.4048] [G loss: 1.1960]
[Epoch 23/25] [Batch 100/235] [D loss: 0.5182] [G loss: 2.8831]
[Epoch 22/25] [Batch 200/235] [D loss: 0.3862] [G loss: 1.0267]
[Epoch 23/25] [Batch 0/235] [D loss: 0.3430] [G loss: 1.4547]
[Epoch 23/25] [Batch 0/235] [D loss: 0.4277] [G loss: 0.9322]
[Epoch 22/25] [Batch 200/235] [D loss: 0.5601] [G loss: 0.6309]
[Epoch 23/25] [Batch 0/235] [D loss: 0.3152] [G loss: 1.6109]
[Epoch 23/25] [Batch 0/235] [D loss: 0.3893] [G loss: 1.3370]
[Epoch 22/25] [Batch 200/235] [D loss: 0.3396] [G loss: 1.3060]
[Epoch 23/25] [Batch 100/235] [D loss: 0.4240] [G loss: 2.4807]
[Epoch 23/25] [Batch 200/235] [D loss: 0.3419] [G loss: 1.6108]
[Epoch 23/25] [Batch 0/235] [D loss: 0.3872] [G loss: 1.4002]
[Epoch 23/25] [Batch 100/235] [D loss: 0.3898] [G loss: 2.1820]
[Epoch 23/25] [Batch 100/235] [D loss: 0.3648] [G loss: 1.3938]
[Epoch 24/25] [Batch 0/235] [D loss: 0.3104] [G loss: 1.5572]
[Epoch 23/25] [Batch 100/235] [D loss: 0.3522] [G loss: 1.6834]
[Epoch 23/25] [Batch 100/235] [D loss: 0.5517] [G loss: 0.6274]
[Epoch 23/25] [Batch 200/235] [D loss: 0.3012] [G loss: 1.5243]
[Epoch 23/25] [Batch 100/235] [D loss: 0.3722] [G loss: 2.1437]
[Epoch 23/25] [Batch 200/235] [D loss: 0.3603] [G loss: 1.2119]
[Epoch 23/25] [Batch 200/235] [D loss: 0.3327] [G loss: 1.7349]
[Epoch 24/25] [Batch 0/235] [D loss: 0.2886] [G loss: 1.5759]
[Epoch 24/25] [Batch 100/235] [D loss: 0.4173] [G loss: 1.1392]
[Epoch 23/25] [Batch 200/235] [D loss: 0.4276] [G loss: 0.9014]
[Epoch 24/25] [Batch 0/235] [D loss: 0.3508] [G loss: 1.3955]
[Epoch 24/25] [Batch 0/235] [D loss: 0.3661] [G loss: 2.0878]
[Epoch 23/25] [Batch 200/235] [D loss: 0.3604] [G loss: 1.5230]
[Epoch 24/25] [Batch 0/235] [D loss: 0.5176] [G loss: 0.7334]
[Epoch 24/25] [Batch 0/235] [D loss: 0.4472] [G loss: 0.9949]
[Epoch 23/25] [Batch 200/235] [D loss: 0.3628] [G loss: 1.6607]
[Epoch 24/25] [Batch 100/235] [D loss: 0.3984] [G loss: 0.9556]
[Epoch 24/25] [Batch 200/235] [D loss: 0.3652] [G loss: 1.2121]
[Epoch 24/25] [Batch 100/235] [D loss: 0.3267] [G loss: 1.7376]
[Epoch 24/25] [Batch 100/235] [D loss: 0.3701] [G loss: 1.0004]
[Epoch 24/25] [Batch 0/235] [D loss: 0.3703] [G loss: 1.1889]
Models saved to out/gan/dcgan
[Epoch 24/25] [Batch 100/235] [D loss: 0.4817] [G loss: 1.4064]
[Epoch 24/25] [Batch 100/235] [D loss: 0.3530] [G loss: 1.9175]
[Epoch 24/25] [Batch 200/235] [D loss: 0.3677] [G loss: 1.6098]
[Epoch 24/25] [Batch 200/235] [D loss: 0.4770] [G loss: 2.2345]
[Epoch 24/25] [Batch 200/235] [D loss: 0.6973] [G loss: 0.4154]
[Epoch 24/25] [Batch 100/235] [D loss: 0.3737] [G loss: 1.1503]
Models saved to out/gan/dcgan
[Epoch 24/25] [Batch 200/235] [D loss: 0.3621] [G loss: 2.3260]
Models saved to out/gan/dcgan
Models saved to out/gan/dcgan
[Epoch 24/25] [Batch 200/235] [D loss: 0.3146] [G loss: 1.7972]
Models saved to out/gan/dcgan
Models saved to out/gan/dcgan
[Epoch 24/25] [Batch 200/235] [D loss: 0.5237] [G loss: 2.4843]
Models saved to out/gan/dcgan
