Running Experiment: wider_net
Using device: cuda
Running Experiment: wider_net
Using device: cuda
Running Experiment: wider_net
Using device: cuda
Running Experiment: wider_net
Using device: cuda
Running Experiment: wider_net
Using device: cuda
Running Experiment: wider_net
Using device: cuda
Running Experiment: wider_net
Using device: cuda
Model Architecture:
MLP(
  (network): Sequential(
    (0): Linear(in_features=784, out_features=256, bias=True)
    (1): ReLU()
    (2): Dropout(p=0.3, inplace=False)
    (3): Linear(in_features=256, out_features=128, bias=True)
    (4): ReLU()
    (5): Dropout(p=0.3, inplace=False)
    (6): Linear(in_features=128, out_features=10, bias=True)
  )
)

Optimizer:
SGD (
Parameter Group 0
    dampening: 0
    differentiable: False
    foreach: None
    fused: None
    lr: 0.01
    maximize: False
    momentum: 0.5
    nesterov: False
    weight_decay: 0
)
Model Architecture:
MLP(
  (network): Sequential(
    (0): Linear(in_features=784, out_features=256, bias=True)
    (1): ReLU()
    (2): Dropout(p=0.3, inplace=False)
    (3): Linear(in_features=256, out_features=128, bias=True)
    (4): ReLU()
    (5): Dropout(p=0.3, inplace=False)
    (6): Linear(in_features=128, out_features=10, bias=True)
  )
)

Optimizer:
SGD (
Parameter Group 0
    dampening: 0
    differentiable: False
    foreach: None
    fused: None
    lr: 0.01
    maximize: False
    momentum: 0.5
    nesterov: False
    weight_decay: 0
)
Model Architecture:
MLP(
  (network): Sequential(
    (0): Linear(in_features=784, out_features=256, bias=True)
    (1): ReLU()
    (2): Dropout(p=0.3, inplace=False)
    (3): Linear(in_features=256, out_features=128, bias=True)
    (4): ReLU()
    (5): Dropout(p=0.3, inplace=False)
    (6): Linear(in_features=128, out_features=10, bias=True)
  )
)

Optimizer:
SGD (
Parameter Group 0
    dampening: 0
    differentiable: False
    foreach: None
    fused: None
    lr: 0.01
    maximize: False
    momentum: 0.5
    nesterov: False
    weight_decay: 0
)
Model Architecture:
MLP(
  (network): Sequential(
    (0): Linear(in_features=784, out_features=256, bias=True)
    (1): ReLU()
    (2): Dropout(p=0.3, inplace=False)
    (3): Linear(in_features=256, out_features=128, bias=True)
    (4): ReLU()
    (5): Dropout(p=0.3, inplace=False)
    (6): Linear(in_features=128, out_features=10, bias=True)
  )
)

Optimizer:
SGD (
Parameter Group 0
    dampening: 0
    differentiable: False
    foreach: None
    fused: None
    lr: 0.01
    maximize: False
    momentum: 0.5
    nesterov: False
    weight_decay: 0
)
Model Architecture:
MLP(
  (network): Sequential(
    (0): Linear(in_features=784, out_features=256, bias=True)
    (1): ReLU()
    (2): Dropout(p=0.3, inplace=False)
    (3): Linear(in_features=256, out_features=128, bias=True)
    (4): ReLU()
    (5): Dropout(p=0.3, inplace=False)
    (6): Linear(in_features=128, out_features=10, bias=True)
  )
)

Optimizer:
SGD (
Parameter Group 0
    dampening: 0
    differentiable: False
    foreach: None
    fused: None
    lr: 0.01
    maximize: False
    momentum: 0.5
    nesterov: False
    weight_decay: 0
)
Model Architecture:
MLP(
  (network): Sequential(
    (0): Linear(in_features=784, out_features=256, bias=True)
    (1): ReLU()
    (2): Dropout(p=0.3, inplace=False)
    (3): Linear(in_features=256, out_features=128, bias=True)
    (4): ReLU()
    (5): Dropout(p=0.3, inplace=False)
    (6): Linear(in_features=128, out_features=10, bias=True)
  )
)

Optimizer:
SGD (
Parameter Group 0
    dampening: 0
    differentiable: False
    foreach: None
    fused: None
    lr: 0.01
    maximize: False
    momentum: 0.5
    nesterov: False
    weight_decay: 0
)
Model Architecture:
MLP(
  (network): Sequential(
    (0): Linear(in_features=784, out_features=256, bias=True)
    (1): ReLU()
    (2): Dropout(p=0.3, inplace=False)
    (3): Linear(in_features=256, out_features=128, bias=True)
    (4): ReLU()
    (5): Dropout(p=0.3, inplace=False)
    (6): Linear(in_features=128, out_features=10, bias=True)
  )
)

Optimizer:
SGD (
Parameter Group 0
    dampening: 0
    differentiable: False
    foreach: None
    fused: None
    lr: 0.01
    maximize: False
    momentum: 0.5
    nesterov: False
    weight_decay: 0
)
Train Epoch: 1 [0/60000 (0%)]	Loss: 2.315651
Train Epoch: 1 [0/60000 (0%)]	Loss: 2.316557
Train Epoch: 1 [0/60000 (0%)]	Loss: 2.312236
Train Epoch: 1 [0/60000 (0%)]	Loss: 2.300292
Train Epoch: 1 [0/60000 (0%)]	Loss: 2.324803
Train Epoch: 1 [0/60000 (0%)]	Loss: 2.321267
Train Epoch: 1 [0/60000 (0%)]	Loss: 2.306457
Train Epoch: 1 [12800/60000 (21%)]	Loss: 2.038852
Train Epoch: 1 [12800/60000 (21%)]	Loss: 2.075109
Train Epoch: 1 [12800/60000 (21%)]	Loss: 2.091879
Train Epoch: 1 [12800/60000 (21%)]	Loss: 2.016962
Train Epoch: 1 [12800/60000 (21%)]	Loss: 2.006856
Train Epoch: 1 [12800/60000 (21%)]	Loss: 2.095288
Train Epoch: 1 [12800/60000 (21%)]	Loss: 2.075939
Train Epoch: 1 [25600/60000 (43%)]	Loss: 1.210173
Train Epoch: 1 [25600/60000 (43%)]	Loss: 1.147752
Train Epoch: 1 [25600/60000 (43%)]	Loss: 1.301650
Train Epoch: 1 [25600/60000 (43%)]	Loss: 1.267714
Train Epoch: 1 [25600/60000 (43%)]	Loss: 1.218107
Train Epoch: 1 [25600/60000 (43%)]	Loss: 1.147474
Train Epoch: 1 [25600/60000 (43%)]	Loss: 1.279583
Train Epoch: 1 [38400/60000 (64%)]	Loss: 0.703648
Train Epoch: 1 [38400/60000 (64%)]	Loss: 0.778106
Train Epoch: 1 [38400/60000 (64%)]	Loss: 0.772428
Train Epoch: 1 [38400/60000 (64%)]	Loss: 0.932685
Train Epoch: 1 [38400/60000 (64%)]	Loss: 0.740231
Train Epoch: 1 [38400/60000 (64%)]	Loss: 0.767958
Train Epoch: 1 [38400/60000 (64%)]	Loss: 0.876372
Train Epoch: 1 [51200/60000 (85%)]	Loss: 0.678646
Train Epoch: 1 [51200/60000 (85%)]	Loss: 0.599876
Train Epoch: 1 [51200/60000 (85%)]	Loss: 0.634734
Train Epoch: 1 [51200/60000 (85%)]	Loss: 0.657225
Train Epoch: 1 [51200/60000 (85%)]	Loss: 0.596907
Train Epoch: 1 [51200/60000 (85%)]	Loss: 0.650265
Train Epoch: 1 [51200/60000 (85%)]	Loss: 0.767001

Validation set: Average loss: 0.4683, Accuracy: 8747/10000 (87%)


Validation set: Average loss: 0.4632, Accuracy: 8736/10000 (87%)

Train Epoch: 2 [0/60000 (0%)]	Loss: 0.747011
Train Epoch: 2 [0/60000 (0%)]	Loss: 0.828348

Validation set: Average loss: 0.4548, Accuracy: 8785/10000 (88%)

Train Epoch: 2 [0/60000 (0%)]	Loss: 0.670033

Validation set: Average loss: 0.4716, Accuracy: 8734/10000 (87%)

Train Epoch: 2 [0/60000 (0%)]	Loss: 0.640725

Validation set: Average loss: 0.4641, Accuracy: 8768/10000 (88%)

Train Epoch: 2 [0/60000 (0%)]	Loss: 0.562677

Validation set: Average loss: 0.4904, Accuracy: 8672/10000 (87%)

Train Epoch: 2 [0/60000 (0%)]	Loss: 0.433488

Validation set: Average loss: 0.4609, Accuracy: 8770/10000 (88%)

Train Epoch: 2 [0/60000 (0%)]	Loss: 0.452425
Train Epoch: 2 [12800/60000 (21%)]	Loss: 0.508307
Train Epoch: 2 [12800/60000 (21%)]	Loss: 0.531517
Train Epoch: 2 [12800/60000 (21%)]	Loss: 0.476620
Train Epoch: 2 [12800/60000 (21%)]	Loss: 0.549218
Train Epoch: 2 [12800/60000 (21%)]	Loss: 0.607061
Train Epoch: 2 [12800/60000 (21%)]	Loss: 0.493292
Train Epoch: 2 [25600/60000 (43%)]	Loss: 0.575561
Train Epoch: 2 [12800/60000 (21%)]	Loss: 0.606861
Train Epoch: 2 [25600/60000 (43%)]	Loss: 0.362930
Train Epoch: 2 [25600/60000 (43%)]	Loss: 0.507693
Train Epoch: 2 [25600/60000 (43%)]	Loss: 0.543878
Train Epoch: 2 [25600/60000 (43%)]	Loss: 0.547481
Train Epoch: 2 [25600/60000 (43%)]	Loss: 0.553961
Train Epoch: 2 [38400/60000 (64%)]	Loss: 0.589565
Train Epoch: 2 [38400/60000 (64%)]	Loss: 0.555895
Train Epoch: 2 [38400/60000 (64%)]	Loss: 0.620878
Train Epoch: 2 [25600/60000 (43%)]	Loss: 0.417965
Train Epoch: 2 [38400/60000 (64%)]	Loss: 0.595296
Train Epoch: 2 [38400/60000 (64%)]	Loss: 0.490082
Train Epoch: 2 [38400/60000 (64%)]	Loss: 0.435482
Train Epoch: 2 [51200/60000 (85%)]	Loss: 0.495027
Train Epoch: 2 [51200/60000 (85%)]	Loss: 0.625386
Train Epoch: 2 [51200/60000 (85%)]	Loss: 0.375161
Train Epoch: 2 [51200/60000 (85%)]	Loss: 0.296449
Train Epoch: 2 [38400/60000 (64%)]	Loss: 0.456327
Train Epoch: 2 [51200/60000 (85%)]	Loss: 0.345904
Train Epoch: 2 [51200/60000 (85%)]	Loss: 0.344824

Validation set: Average loss: 0.3218, Accuracy: 9092/10000 (91%)


Validation set: Average loss: 0.3259, Accuracy: 9084/10000 (91%)

Train Epoch: 3 [0/60000 (0%)]	Loss: 0.289275
Train Epoch: 3 [0/60000 (0%)]	Loss: 0.397070

Validation set: Average loss: 0.3211, Accuracy: 9101/10000 (91%)

Train Epoch: 3 [0/60000 (0%)]	Loss: 0.745403
Train Epoch: 2 [51200/60000 (85%)]	Loss: 0.552428

Validation set: Average loss: 0.3272, Accuracy: 9070/10000 (91%)

Train Epoch: 3 [0/60000 (0%)]	Loss: 0.412751

Validation set: Average loss: 0.3216, Accuracy: 9063/10000 (91%)

Train Epoch: 3 [0/60000 (0%)]	Loss: 0.271755

Validation set: Average loss: 0.3234, Accuracy: 9080/10000 (91%)

Train Epoch: 3 [0/60000 (0%)]	Loss: 0.632820
Train Epoch: 3 [12800/60000 (21%)]	Loss: 0.368603
Train Epoch: 3 [12800/60000 (21%)]	Loss: 0.365184
Train Epoch: 3 [12800/60000 (21%)]	Loss: 0.381354
Train Epoch: 3 [12800/60000 (21%)]	Loss: 0.353954
Train Epoch: 3 [12800/60000 (21%)]	Loss: 0.482996

Validation set: Average loss: 0.3226, Accuracy: 9093/10000 (91%)

Train Epoch: 3 [0/60000 (0%)]	Loss: 0.604856
Train Epoch: 3 [12800/60000 (21%)]	Loss: 0.344094
Train Epoch: 3 [25600/60000 (43%)]	Loss: 0.326758
Train Epoch: 3 [25600/60000 (43%)]	Loss: 0.421408
Train Epoch: 3 [25600/60000 (43%)]	Loss: 0.386077
Train Epoch: 3 [25600/60000 (43%)]	Loss: 0.401391
Train Epoch: 3 [25600/60000 (43%)]	Loss: 0.434043
Train Epoch: 3 [12800/60000 (21%)]	Loss: 0.360146
Train Epoch: 3 [25600/60000 (43%)]	Loss: 0.446684
Train Epoch: 3 [38400/60000 (64%)]	Loss: 0.491087
Train Epoch: 3 [38400/60000 (64%)]	Loss: 0.408832
Train Epoch: 3 [38400/60000 (64%)]	Loss: 0.276304
Train Epoch: 3 [38400/60000 (64%)]	Loss: 0.337248
Train Epoch: 3 [25600/60000 (43%)]	Loss: 0.252564
Train Epoch: 3 [38400/60000 (64%)]	Loss: 0.415042
Train Epoch: 3 [38400/60000 (64%)]	Loss: 0.519817
Train Epoch: 3 [51200/60000 (85%)]	Loss: 0.333125
Train Epoch: 3 [51200/60000 (85%)]	Loss: 0.337909
Train Epoch: 3 [51200/60000 (85%)]	Loss: 0.221710
Train Epoch: 3 [51200/60000 (85%)]	Loss: 0.293307
Train Epoch: 3 [38400/60000 (64%)]	Loss: 0.250562
Train Epoch: 3 [51200/60000 (85%)]	Loss: 0.360460
Train Epoch: 3 [51200/60000 (85%)]	Loss: 0.310249

Validation set: Average loss: 0.2679, Accuracy: 9235/10000 (92%)

Train Epoch: 4 [0/60000 (0%)]	Loss: 0.230597

Validation set: Average loss: 0.2685, Accuracy: 9229/10000 (92%)

Train Epoch: 4 [0/60000 (0%)]	Loss: 0.301327

Validation set: Average loss: 0.2634, Accuracy: 9252/10000 (93%)

Train Epoch: 4 [0/60000 (0%)]	Loss: 0.337961
Train Epoch: 3 [51200/60000 (85%)]	Loss: 0.352627

Validation set: Average loss: 0.2682, Accuracy: 9213/10000 (92%)

Train Epoch: 4 [0/60000 (0%)]	Loss: 0.301208

Validation set: Average loss: 0.2633, Accuracy: 9239/10000 (92%)

Train Epoch: 4 [0/60000 (0%)]	Loss: 0.479507
Train Epoch: 4 [12800/60000 (21%)]	Loss: 0.350575
Train Epoch: 4 [12800/60000 (21%)]	Loss: 0.186030

Validation set: Average loss: 0.2651, Accuracy: 9236/10000 (92%)

Train Epoch: 4 [0/60000 (0%)]	Loss: 0.274520
Train Epoch: 4 [12800/60000 (21%)]	Loss: 0.258475
Train Epoch: 4 [12800/60000 (21%)]	Loss: 0.240804

Validation set: Average loss: 0.2677, Accuracy: 9240/10000 (92%)

Train Epoch: 4 [0/60000 (0%)]	Loss: 0.215291
Train Epoch: 4 [12800/60000 (21%)]	Loss: 0.310764
Train Epoch: 4 [25600/60000 (43%)]	Loss: 0.425908
Train Epoch: 4 [25600/60000 (43%)]	Loss: 0.159054
Train Epoch: 4 [12800/60000 (21%)]	Loss: 0.267502
Train Epoch: 4 [25600/60000 (43%)]	Loss: 0.236005
Train Epoch: 4 [25600/60000 (43%)]	Loss: 0.430006
Train Epoch: 4 [12800/60000 (21%)]	Loss: 0.347064
Train Epoch: 4 [38400/60000 (64%)]	Loss: 0.360355
Train Epoch: 4 [38400/60000 (64%)]	Loss: 0.297602
Train Epoch: 4 [25600/60000 (43%)]	Loss: 0.373594
Train Epoch: 4 [25600/60000 (43%)]	Loss: 0.315816
Train Epoch: 4 [38400/60000 (64%)]	Loss: 0.286598
Train Epoch: 4 [38400/60000 (64%)]	Loss: 0.610980
Train Epoch: 4 [25600/60000 (43%)]	Loss: 0.386194
Train Epoch: 4 [51200/60000 (85%)]	Loss: 0.303262
Train Epoch: 4 [51200/60000 (85%)]	Loss: 0.504721
Train Epoch: 4 [38400/60000 (64%)]	Loss: 0.423763
Train Epoch: 4 [38400/60000 (64%)]	Loss: 0.371955
Train Epoch: 4 [51200/60000 (85%)]	Loss: 0.429539
Train Epoch: 4 [51200/60000 (85%)]	Loss: 0.294894
Train Epoch: 4 [38400/60000 (64%)]	Loss: 0.284359
Train Epoch: 4 [51200/60000 (85%)]	Loss: 0.114854
Train Epoch: 4 [51200/60000 (85%)]	Loss: 0.285024

Validation set: Average loss: 0.2319, Accuracy: 9317/10000 (93%)


Validation set: Average loss: 0.2284, Accuracy: 9345/10000 (93%)

Train Epoch: 5 [0/60000 (0%)]	Loss: 0.219295
Train Epoch: 5 [0/60000 (0%)]	Loss: 0.451848

Validation set: Average loss: 0.2306, Accuracy: 9322/10000 (93%)

Train Epoch: 5 [0/60000 (0%)]	Loss: 0.226786

Validation set: Average loss: 0.2317, Accuracy: 9327/10000 (93%)

Train Epoch: 5 [0/60000 (0%)]	Loss: 0.181727
Train Epoch: 4 [51200/60000 (85%)]	Loss: 0.494099
Train Epoch: 5 [12800/60000 (21%)]	Loss: 0.417677
Train Epoch: 5 [12800/60000 (21%)]	Loss: 0.361090

Validation set: Average loss: 0.2283, Accuracy: 9335/10000 (93%)

Train Epoch: 5 [0/60000 (0%)]	Loss: 0.232551

Validation set: Average loss: 0.2260, Accuracy: 9343/10000 (93%)

Train Epoch: 5 [0/60000 (0%)]	Loss: 0.145231
Train Epoch: 5 [12800/60000 (21%)]	Loss: 0.190464
Train Epoch: 5 [12800/60000 (21%)]	Loss: 0.202922

Validation set: Average loss: 0.2320, Accuracy: 9328/10000 (93%)

Train Epoch: 5 [0/60000 (0%)]	Loss: 0.219632
Train Epoch: 5 [25600/60000 (43%)]	Loss: 0.112587
Train Epoch: 5 [25600/60000 (43%)]	Loss: 0.268284
Train Epoch: 5 [12800/60000 (21%)]	Loss: 0.246132
Train Epoch: 5 [12800/60000 (21%)]	Loss: 0.267975
Train Epoch: 5 [25600/60000 (43%)]	Loss: 0.246566
Train Epoch: 5 [25600/60000 (43%)]	Loss: 0.411539
Train Epoch: 5 [12800/60000 (21%)]	Loss: 0.255698
Train Epoch: 5 [38400/60000 (64%)]	Loss: 0.321866
Train Epoch: 5 [38400/60000 (64%)]	Loss: 0.224879
Train Epoch: 5 [25600/60000 (43%)]	Loss: 0.216999
Train Epoch: 5 [25600/60000 (43%)]	Loss: 0.243263
Train Epoch: 5 [38400/60000 (64%)]	Loss: 0.295581
Train Epoch: 5 [38400/60000 (64%)]	Loss: 0.180629
Train Epoch: 5 [25600/60000 (43%)]	Loss: 0.455334
Train Epoch: 5 [51200/60000 (85%)]	Loss: 0.241175
Train Epoch: 5 [51200/60000 (85%)]	Loss: 0.125509
Train Epoch: 5 [38400/60000 (64%)]	Loss: 0.198400
Train Epoch: 5 [38400/60000 (64%)]	Loss: 0.270330
Train Epoch: 5 [51200/60000 (85%)]	Loss: 0.309597
Train Epoch: 5 [51200/60000 (85%)]	Loss: 0.339437
Train Epoch: 5 [38400/60000 (64%)]	Loss: 0.153545
Train Epoch: 5 [51200/60000 (85%)]	Loss: 0.294328
Train Epoch: 5 [51200/60000 (85%)]	Loss: 0.169777

Validation set: Average loss: 0.1975, Accuracy: 9426/10000 (94%)


Validation set: Average loss: 0.2037, Accuracy: 9391/10000 (94%)

性能图表已保存至: fig/mlp/wider_net/mlp_performance_wider_net.png
Model saved to out/mlp/wider_net/model.pth
性能图表已保存至: fig/mlp/wider_net/mlp_performance_wider_net.png

Validation set: Average loss: 0.1995, Accuracy: 9418/10000 (94%)

Model saved to out/mlp/wider_net/model.pth

Validation set: Average loss: 0.2028, Accuracy: 9392/10000 (94%)

Train Epoch: 5 [51200/60000 (85%)]	Loss: 0.289223
性能图表已保存至: fig/mlp/wider_net/mlp_performance_wider_net.png
Model saved to out/mlp/wider_net/model.pth
性能图表已保存至: fig/mlp/wider_net/mlp_performance_wider_net.png
Model saved to out/mlp/wider_net/model.pth

Validation set: Average loss: 0.1971, Accuracy: 9424/10000 (94%)


Validation set: Average loss: 0.1970, Accuracy: 9427/10000 (94%)

性能图表已保存至: fig/mlp/wider_net/mlp_performance_wider_net.png
Model saved to out/mlp/wider_net/model.pth
性能图表已保存至: fig/mlp/wider_net/mlp_performance_wider_net.png
Model saved to out/mlp/wider_net/model.pth

Validation set: Average loss: 0.2015, Accuracy: 9416/10000 (94%)

性能图表已保存至: fig/mlp/wider_net/mlp_performance_wider_net.png
Model saved to out/mlp/wider_net/model.pth
