Loaded 18 categories: ['Arabic', 'Chinese', 'Czech', 'Dutch', 'English', 'French', 'German', 'Greek', 'Irish', 'Italian', 'Japanese', 'Korean', 'Polish', 'Portuguese', 'Russian', 'Scottish', 'Spanish', 'Vietnamese']
57 total unique letters.
Loaded 18 categories: ['Arabic', 'Chinese', 'Czech', 'Dutch', 'English', 'French', 'German', 'Greek', 'Irish', 'Italian', 'Japanese', 'Korean', 'Polish', 'Portuguese', 'Russian', 'Scottish', 'Spanish', 'Vietnamese']
57 total unique letters.
Loaded 18 categories: ['Arabic', 'Chinese', 'Czech', 'Dutch', 'English', 'French', 'German', 'Greek', 'Irish', 'Italian', 'Japanese', 'Korean', 'Polish', 'Portuguese', 'Russian', 'Scottish', 'Spanish', 'Vietnamese']
57 total unique letters.

Starting training...
Starting training...

Loaded 18 categories: ['Arabic', 'Chinese', 'Czech', 'Dutch', 'English', 'French', 'German', 'Greek', 'Irish', 'Italian', 'Japanese', 'Korean', 'Polish', 'Portuguese', 'Russian', 'Scottish', 'Spanish', 'Vietnamese']
57 total unique letters.

Starting training...

Starting training...
Loaded 18 categories: ['Arabic', 'Chinese', 'Czech', 'Dutch', 'English', 'French', 'German', 'Greek', 'Irish', 'Italian', 'Japanese', 'Korean', 'Polish', 'Portuguese', 'Russian', 'Scottish', 'Spanish', 'Vietnamese']
57 total unique letters.
Loaded 18 categories: ['Arabic', 'Chinese', 'Czech', 'Dutch', 'English', 'French', 'German', 'Greek', 'Irish', 'Italian', 'Japanese', 'Korean', 'Polish', 'Portuguese', 'Russian', 'Scottish', 'Spanish', 'Vietnamese']
57 total unique letters.

Starting training...

Starting training...
Loaded 18 categories: ['Arabic', 'Chinese', 'Czech', 'Dutch', 'English', 'French', 'German', 'Greek', 'Irish', 'Italian', 'Japanese', 'Korean', 'Polish', 'Portuguese', 'Russian', 'Scottish', 'Spanish', 'Vietnamese']
57 total unique letters.

Starting training...
  5000   5% (  0m 14s) 2.9694 Kerr / Arabic ✗ (English)
  5000   5% (  0m 20s) 2.7584 Pfenning / Polish ✗ (German)
  5000   5% (  0m 22s) 2.3282 You / Korean ✓
  5000   5% (  0m 22s) 2.0383 Wojewodzki / Greek ✗ (Polish)
  5000   5% (  0m 22s) 2.7004 White / French ✗ (Scottish)
  5000   5% (  0m 22s) 2.6941 Amelsvoort / Greek ✗ (Dutch)
  5000   5% (  0m 23s) 2.5236 Ma / Korean ✗ (Vietnamese)
 10000  10% (  0m 29s) 1.7819 Dickson / Scottish ✓
 10000  10% (  0m 36s) 1.2318 Jing / Chinese ✓
 10000  10% (  0m 39s) 2.4929 Ashia / Arabic ✗ (Japanese)
 10000  10% (  0m 43s) 2.3476 Deeb / Chinese ✗ (Arabic)
 10000  10% (  0m 43s) 2.2249 Callaghan / Scottish ✗ (Irish)
 10000  10% (  0m 43s) 2.4271 Sitko / Arabic ✗ (Polish)
 15000  15% (  0m 45s) 1.4309 Slusarczyk / Polish ✓
 10000  10% (  0m 45s) 2.7701 Herodes / Dutch ✗ (Czech)
 15000  15% (  0m 52s) 0.9019 Sakellariou / Greek ✓
 15000  15% (  0m 56s) 2.4675 Mendoza / Portuguese ✗ (Spanish)
 20000  20% (   1m 2s) 1.5072 Kaplanek / Czech ✓
 15000  15% (   1m 2s) 1.5706 Basurto / Portuguese ✓
 15000  15% (   1m 3s) 1.0431 Jian / Chinese ✓
 15000  15% (   1m 3s) 1.9861 Peusen / German ✗ (Dutch)
 15000  15% (   1m 4s) 1.5116 Gibson / Scottish ✓
 20000  20% (   1m 9s) 2.1363 Ramaker / Russian ✗ (Dutch)
 20000  20% (  1m 14s) 0.2446 Bouloukos / Greek ✓
 25000  25% (  1m 20s) 2.2812 Perugia / Spanish ✗ (Italian)
 20000  20% (  1m 22s) 0.5431 Patselas / Greek ✓
 20000  20% (  1m 22s) 1.4288 Ma / Korean ✗ (Vietnamese)
 20000  20% (  1m 23s) 1.9273 Lawerenz / Spanish ✗ (German)
 20000  20% (  1m 24s) 1.9054 Srpcikova / Italian ✗ (Czech)
 25000  25% (  1m 25s) 0.7655 Dinh / Vietnamese ✓
 25000  25% (  1m 30s) 1.9337 Vincent / Italian ✗ (French)
 30000  30% (  1m 36s) 1.0659 Yamana / Japanese ✓
 30000  30% (  1m 42s) 1.7833 Varvitsiotes / Dutch ✗ (Greek)
 25000  25% (  1m 43s) 0.8993 Lucassen / Dutch ✓
 25000  25% (  1m 44s) 0.4195 Paloumbas / Greek ✓
 25000  25% (  1m 44s) 2.1653 Ferrer / German ✗ (Spanish)
 25000  25% (  1m 46s) 2.4001 Horn / English ✗ (German)
 30000  30% (  1m 46s) 0.9754 Romano / Italian ✓
 35000  35% (  1m 52s) 2.5125 Hagino / Italian ✗ (Japanese)
 35000  35% (  1m 57s) 1.3497 Dritsas / Greek ✓
 35000  35% (   2m 1s) 0.5413 Bellandini / Italian ✓
 30000  30% (   2m 6s) 1.0540 Dalach / Irish ✓
 30000  30% (   2m 7s) 1.2529 Krusen / Dutch ✓
 30000  30% (   2m 7s) 0.2882 Rudawski / Polish ✓
 40000  40% (   2m 8s) 2.1267 Durand / Irish ✗ (French)
 30000  30% (  2m 10s) 0.3892 Ziemniak / Polish ✓
 40000  40% (  2m 12s) 1.7409 Akker / German ✗ (Dutch)
 40000  40% (  2m 16s) 0.3489 O'Hannigain / Irish ✓
 45000  45% (  2m 23s) 0.6603 Kozumplikova / Czech ✓
 35000  35% (  2m 28s) 1.5106 Siskind / German ✓
 45000  45% (  2m 29s) 2.4531 Dirchs / Portuguese ✗ (German)
 35000  35% (  2m 30s) 0.9940 Kreskas / Greek ✓
 35000  35% (  2m 30s) 0.5050 Nahas / Arabic ✓
 35000  35% (  2m 32s) 1.0726 Lyzlov / Russian ✓
 45000  45% (  2m 33s) 0.3651 Qian / Chinese ✓
 50000  50% (  2m 40s) 1.5865 Hassel / Dutch ✓
 50000  50% (  2m 46s) 0.7919 Kita / Japanese ✓
 40000  40% (  2m 48s) 0.9502 Abrami / Italian ✓
 40000  40% (  2m 49s) 1.7876 Vega / Spanish ✓
 40000  40% (  2m 50s) 0.7415 Fionn / Irish ✓
 50000  50% (  2m 50s) 0.8664 Santos / Portuguese ✓
 40000  40% (  2m 51s) 2.2487 Hoang / Chinese ✗ (Vietnamese)
 55000  55% (  2m 58s) 2.9808 Rompuy / French ✗ (Dutch)
 55000  55% (   3m 4s) 0.5860 Mitchell / Scottish ✓
 55000  55% (   3m 7s) 2.2041 Russell / Spanish ✗ (Scottish)
 45000  45% (   3m 9s) 0.2542 Than / Vietnamese ✓
 45000  45% (  3m 10s) 2.5505 Docherty / Italian ✗ (Scottish)
 45000  45% (  3m 11s) 1.3409 Mcgowan / English ✓
 45000  45% (  3m 11s) 1.3596 Delgado / Irish ✗ (Portuguese)
 60000  60% (  3m 15s) 1.3923 Michaud / French ✓
 60000  60% (  3m 22s) 0.9106 Wagner / German ✓
 60000  60% (  3m 24s) 1.0607 Basurto / Portuguese ✓
 50000  50% (  3m 29s) 0.6680 Isozaki / Japanese ✓
 50000  50% (  3m 30s) 0.0745 Mclean / Scottish ✓
 50000  50% (  3m 31s) 2.5933 Albert / French ✗ (Spanish)
 50000  50% (  3m 31s) 0.5058 Jukodo / Japanese ✓
 65000  65% (  3m 32s) 2.2461 Sekovora / Japanese ✗ (Czech)
 65000  65% (  3m 39s) 1.0081 Chung / Korean ✓
 65000  65% (  3m 41s) 1.4238 Sloan / Scottish ✗ (Irish)
 55000  55% (  3m 48s) 4.1936 Jelen / Dutch ✗ (Polish)
 55000  55% (  3m 48s) 3.3632 Gosse / Scottish ✗ (French)
 55000  55% (  3m 48s) 3.5238 Nagel / Irish ✗ (Dutch)
 55000  55% (  3m 49s) 2.1446 Pachr / German ✗ (Czech)
 70000  70% (  3m 50s) 0.5900 Luo / Chinese ✓
 70000  70% (  3m 57s) 0.6928 Ortega / Spanish ✓
 70000  70% (  3m 60s) 2.7548 Schuyler / German ✗ (Dutch)
 60000  60% (   4m 6s) 0.8739 Marusa / Japanese ✓
 60000  60% (   4m 7s) 1.2043 Doan / Vietnamese ✓
 60000  60% (   4m 7s) 0.1202 Thach / Vietnamese ✓
 60000  60% (   4m 8s) 0.5982 Tong / Vietnamese ✓
 75000  75% (   4m 9s) 3.1613 Aalsburg / French ✗ (Dutch)
 75000  75% (  4m 16s) 0.6452 Joe / Chinese ✓
 75000  75% (  4m 20s) 1.2341 Rompaey / Dutch ✓
 65000  65% (  4m 23s) 0.1910 Ukiyo / Japanese ✓
 65000  65% (  4m 24s) 0.5459 Baldi / Italian ✓
 65000  65% (  4m 24s) 1.1034 Dubhan / Irish ✓
 65000  65% (  4m 27s) 1.1466 Saller / German ✓
 80000  80% (  4m 28s) 0.0916 Khoury / Arabic ✓
 80000  80% (  4m 36s) 0.5407 Macshuibhne / Irish ✓
 80000  80% (  4m 39s) 1.4466 Borovsky / Russian ✗ (Czech)
 70000  70% (  4m 40s) 0.8101 Janovitsky / Russian ✓
 70000  70% (  4m 40s) 1.0852 Dang / Vietnamese ✓
 70000  70% (  4m 41s) 0.8549 Shin / Korean ✓
 70000  70% (  4m 46s) 0.1258 Kouretas / Greek ✓
 85000  85% (  4m 46s) 0.0778 Jukhimenko / Russian ✓
 85000  85% (  4m 55s) 1.1022 Bradan / Irish ✓
 75000  75% (  4m 57s) 1.5621 Blanco / Italian ✗ (Spanish)
 85000  85% (  4m 57s) 0.3281 Youj / Korean ✓
 75000  75% (  4m 58s) 1.9442 Muraro / Portuguese ✗ (Italian)
 75000  75% (  4m 60s) 2.1816 Addams / Arabic ✗ (English)
 90000  90% (   5m 5s) 0.3561 Ganim / Arabic ✓
 75000  75% (   5m 5s) 1.5240 Dubicki / Japanese ✗ (Polish)
 90000  90% (  5m 12s) 1.6750 Abreu / Portuguese ✗ (Spanish)
 80000  80% (  5m 15s) 0.4375 Paquet / French ✓
 90000  90% (  5m 16s) 3.2553 Kaufman / Polish ✗ (German)
 80000  80% (  5m 16s) 1.4134 Nestrojil / Russian ✗ (Czech)
 80000  80% (  5m 19s) 1.0123 Cha / Korean ✓
 95000  95% (  5m 22s) 0.7201 Baik / Korean ✓
 80000  80% (  5m 22s) 0.1272 Abdulov / Russian ✓
 95000  95% (  5m 29s) 0.0931 Dickson / Scottish ✓
 95000  95% (  5m 33s) 0.0440 Stawski / Polish ✓
 85000  85% (  5m 34s) 2.4769 Harman / German ✗ (French)
 85000  85% (  5m 35s) 0.3245 Desrochers / French ✓
 85000  85% (  5m 37s) 0.1645 Tsutomu / Japanese ✓
 85000  85% (  5m 41s) 1.2071 Pape / French ✓
100000 100% (  5m 41s) 0.0014 Haritopoulos / Greek ✓
Training complete.
Loss plot saved to fig/rnn/surname_classification/loss.png

Evaluating on 10000 random examples to build confusion matrix...
100000 100% (  5m 49s) 0.4337 Hughes / Scottish ✓
Training complete.
Loss plot saved to fig/rnn/surname_classification/loss.png

Evaluating on 10000 random examples to build confusion matrix...
 90000  90% (  5m 50s) 2.4973 Rousses / Portuguese ✗ (Greek)
100000 100% (  5m 53s) 0.2806 Ko / Korean ✓
Training complete.
Loss plot saved to fig/rnn/surname_classification/loss.png

Evaluating on 10000 random examples to build confusion matrix...
Confusion matrix saved to fig/rnn/surname_classification/confusion_matrix.png
 90000  90% (  5m 55s) 2.3016 Hintzen / Dutch ✗ (German)
 90000  90% (  5m 56s) 5.5286 Jakuba / Japanese ✗ (Russian)
 90000  90% (  5m 56s) 5.7612 Kool / Korean ✗ (Dutch)
Confusion matrix saved to fig/rnn/surname_classification/confusion_matrix.png
Confusion matrix saved to fig/rnn/surname_classification/confusion_matrix.png
 95000  95% (   6m 4s) 4.8374 Almasi / Italian ✗ (Arabic)
 95000  95% (   6m 7s) 1.6502 Vedenyapin / Dutch ✗ (Russian)
 95000  95% (   6m 8s) 0.2712 Kerner / German ✓
 95000  95% (   6m 8s) 0.1358 Nasledov / Russian ✓
100000 100% (  6m 17s) 1.4308 Brisimitzakis / Russian ✗ (Greek)
Training complete.
Loss plot saved to fig/rnn/surname_classification/loss.png

Evaluating on 10000 random examples to build confusion matrix...
100000 100% (  6m 19s) 1.7244 Devin / French ✗ (Irish)
Training complete.
Loss plot saved to fig/rnn/surname_classification/loss.png

Evaluating on 10000 random examples to build confusion matrix...
100000 100% (  6m 19s) 0.0107 Mckenzie / Scottish ✓
Training complete.
Loss plot saved to fig/rnn/surname_classification/loss.png

Evaluating on 10000 random examples to build confusion matrix...
100000 100% (  6m 22s) 0.6655 Brady / Irish ✓
Training complete.
Loss plot saved to fig/rnn/surname_classification/loss.png

Evaluating on 10000 random examples to build confusion matrix...
Confusion matrix saved to fig/rnn/surname_classification/confusion_matrix.png
Confusion matrix saved to fig/rnn/surname_classification/confusion_matrix.png
Confusion matrix saved to fig/rnn/surname_classification/confusion_matrix.png
Confusion matrix saved to fig/rnn/surname_classification/confusion_matrix.png
